The system is: Darwin - 12.3.0 - i386
Compiling the C compiler identification source file "CMakeCCompilerId.c" succeeded.
Compiler: /usr/bin/cc 
Build flags: 
Id flags: 

The output was:
0


Compilation of the C compiler identification source "CMakeCCompilerId.c" produced "a.out"

The C compiler identification is Clang, found in "/Users/edwardzhou/develop/cocos2d-x-master/WebsocketTest/Classes/libwebsockets/CMakeFiles/2.8.10.2/CompilerIdC/a.out"

Compiling the CXX compiler identification source file "CMakeCXXCompilerId.cpp" succeeded.
Compiler: /usr/bin/c++ 
Build flags: 
Id flags: 

The output was:
0


Compilation of the CXX compiler identification source "CMakeCXXCompilerId.cpp" produced "a.out"

The CXX compiler identification is Clang, found in "/Users/edwardzhou/develop/cocos2d-x-master/WebsocketTest/Classes/libwebsockets/CMakeFiles/2.8.10.2/CompilerIdCXX/a.out"

Determining if the C compiler works passed with the following output:
Change Dir: /Users/edwardzhou/develop/cocos2d-x-master/WebsocketTest/Classes/libwebsockets/CMakeFiles/CMakeTmp

Run Build Command:/usr/bin/gmake "cmTryCompileExec2629251562/fast"
/usr/bin/gmake -f CMakeFiles/cmTryCompileExec2629251562.dir/build.make CMakeFiles/cmTryCompileExec2629251562.dir/build
/usr/local/Cellar/cmake/2.8.10.2/bin/cmake -E cmake_progress_report /Users/edwardzhou/develop/cocos2d-x-master/WebsocketTest/Classes/libwebsockets/CMakeFiles/CMakeTmp/CMakeFiles 1
Building C object CMakeFiles/cmTryCompileExec2629251562.dir/testCCompiler.c.o
/usr/bin/cc    -o CMakeFiles/cmTryCompileExec2629251562.dir/testCCompiler.c.o   -c /Users/edwardzhou/develop/cocos2d-x-master/WebsocketTest/Classes/libwebsockets/CMakeFiles/CMakeTmp/testCCompiler.c
Linking C executable cmTryCompileExec2629251562
/usr/local/Cellar/cmake/2.8.10.2/bin/cmake -E cmake_link_script CMakeFiles/cmTryCompileExec2629251562.dir/link.txt --verbose=1
/usr/bin/cc      -Wl,-search_paths_first -Wl,-headerpad_max_install_names   CMakeFiles/cmTryCompileExec2629251562.dir/testCCompiler.c.o  -o cmTryCompileExec2629251562  


Detecting C compiler ABI info compiled with the following output:
Change Dir: /Users/edwardzhou/develop/cocos2d-x-master/WebsocketTest/Classes/libwebsockets/CMakeFiles/CMakeTmp

Run Build Command:/usr/bin/gmake "cmTryCompileExec3258527737/fast"
/usr/bin/gmake -f CMakeFiles/cmTryCompileExec3258527737.dir/build.make CMakeFiles/cmTryCompileExec3258527737.dir/build
/usr/local/Cellar/cmake/2.8.10.2/bin/cmake -E cmake_progress_report /Users/edwardzhou/develop/cocos2d-x-master/WebsocketTest/Classes/libwebsockets/CMakeFiles/CMakeTmp/CMakeFiles 1
Building C object CMakeFiles/cmTryCompileExec3258527737.dir/CMakeCCompilerABI.c.o
/usr/bin/cc    -o CMakeFiles/cmTryCompileExec3258527737.dir/CMakeCCompilerABI.c.o   -c /usr/local/Cellar/cmake/2.8.10.2/share/cmake/Modules/CMakeCCompilerABI.c
Linking C executable cmTryCompileExec3258527737
/usr/local/Cellar/cmake/2.8.10.2/bin/cmake -E cmake_link_script CMakeFiles/cmTryCompileExec3258527737.dir/link.txt --verbose=1
/usr/bin/cc      -Wl,-search_paths_first -Wl,-headerpad_max_install_names -v CMakeFiles/cmTryCompileExec3258527737.dir/CMakeCCompilerABI.c.o  -o cmTryCompileExec3258527737   
Apple LLVM version 4.2 (clang-425.0.28) (based on LLVM 3.2svn)
Target: x86_64-apple-darwin12.3.0
Thread model: posix
 "/usr/bin/ld" -demangle -dynamic -arch x86_64 -macosx_version_min 10.8.0 -o cmTryCompileExec3258527737 -search_paths_first -headerpad_max_install_names CMakeFiles/cmTryCompileExec3258527737.dir/CMakeCCompilerABI.c.o -lSystem /usr/bin/../lib/clang/4.2/lib/darwin/libclang_rt.osx.a


Parsed C implicit link information from above output:
  link line regex: [^( *|.*[/\])(ld|ld|collect2)[^/\]*( |$)]
  ignore line: [Change Dir: /Users/edwardzhou/develop/cocos2d-x-master/WebsocketTest/Classes/libwebsockets/CMakeFiles/CMakeTmp]
  ignore line: []
  ignore line: [Run Build Command:/usr/bin/gmake "cmTryCompileExec3258527737/fast"]
  ignore line: [/usr/bin/gmake -f CMakeFiles/cmTryCompileExec3258527737.dir/build.make CMakeFiles/cmTryCompileExec3258527737.dir/build]
  ignore line: [/usr/local/Cellar/cmake/2.8.10.2/bin/cmake -E cmake_progress_report /Users/edwardzhou/develop/cocos2d-x-master/WebsocketTest/Classes/libwebsockets/CMakeFiles/CMakeTmp/CMakeFiles 1]
  ignore line: [Building C object CMakeFiles/cmTryCompileExec3258527737.dir/CMakeCCompilerABI.c.o]
  ignore line: [/usr/bin/cc    -o CMakeFiles/cmTryCompileExec3258527737.dir/CMakeCCompilerABI.c.o   -c /usr/local/Cellar/cmake/2.8.10.2/share/cmake/Modules/CMakeCCompilerABI.c]
  ignore line: [Linking C executable cmTryCompileExec3258527737]
  ignore line: [/usr/local/Cellar/cmake/2.8.10.2/bin/cmake -E cmake_link_script CMakeFiles/cmTryCompileExec3258527737.dir/link.txt --verbose=1]
  ignore line: [/usr/bin/cc      -Wl,-search_paths_first -Wl,-headerpad_max_install_names -v CMakeFiles/cmTryCompileExec3258527737.dir/CMakeCCompilerABI.c.o  -o cmTryCompileExec3258527737   ]
  ignore line: [Apple LLVM version 4.2 (clang-425.0.28) (based on LLVM 3.2svn)]
  ignore line: [Target: x86_64-apple-darwin12.3.0]
  ignore line: [Thread model: posix]
  link line: [ "/usr/bin/ld" -demangle -dynamic -arch x86_64 -macosx_version_min 10.8.0 -o cmTryCompileExec3258527737 -search_paths_first -headerpad_max_install_names CMakeFiles/cmTryCompileExec3258527737.dir/CMakeCCompilerABI.c.o -lSystem /usr/bin/../lib/clang/4.2/lib/darwin/libclang_rt.osx.a]
    arg [/usr/bin/ld] ==> ignore
    arg [-demangle] ==> ignore
    arg [-dynamic] ==> ignore
    arg [-arch] ==> ignore
    arg [x86_64] ==> ignore
    arg [-macosx_version_min] ==> ignore
    arg [10.8.0] ==> ignore
    arg [-o] ==> ignore
    arg [cmTryCompileExec3258527737] ==> ignore
    arg [-search_paths_first] ==> ignore
    arg [-headerpad_max_install_names] ==> ignore
    arg [CMakeFiles/cmTryCompileExec3258527737.dir/CMakeCCompilerABI.c.o] ==> ignore
    arg [-lSystem] ==> lib [System]
    arg [/usr/bin/../lib/clang/4.2/lib/darwin/libclang_rt.osx.a] ==> lib [/usr/bin/../lib/clang/4.2/lib/darwin/libclang_rt.osx.a]
  remove lib [System]
  implicit libs: [/usr/bin/../lib/clang/4.2/lib/darwin/libclang_rt.osx.a]
  implicit dirs: []


Determining if the CXX compiler works passed with the following output:
Change Dir: /Users/edwardzhou/develop/cocos2d-x-master/WebsocketTest/Classes/libwebsockets/CMakeFiles/CMakeTmp

Run Build Command:/usr/bin/gmake "cmTryCompileExec2963787011/fast"
/usr/bin/gmake -f CMakeFiles/cmTryCompileExec2963787011.dir/build.make CMakeFiles/cmTryCompileExec2963787011.dir/build
/usr/local/Cellar/cmake/2.8.10.2/bin/cmake -E cmake_progress_report /Users/edwardzhou/develop/cocos2d-x-master/WebsocketTest/Classes/libwebsockets/CMakeFiles/CMakeTmp/CMakeFiles 1
Building CXX object CMakeFiles/cmTryCompileExec2963787011.dir/testCXXCompiler.cxx.o
/usr/bin/c++     -o CMakeFiles/cmTryCompileExec2963787011.dir/testCXXCompiler.cxx.o -c /Users/edwardzhou/develop/cocos2d-x-master/WebsocketTest/Classes/libwebsockets/CMakeFiles/CMakeTmp/testCXXCompiler.cxx
Linking CXX executable cmTryCompileExec2963787011
/usr/local/Cellar/cmake/2.8.10.2/bin/cmake -E cmake_link_script CMakeFiles/cmTryCompileExec2963787011.dir/link.txt --verbose=1
/usr/bin/c++       -Wl,-search_paths_first -Wl,-headerpad_max_install_names   CMakeFiles/cmTryCompileExec2963787011.dir/testCXXCompiler.cxx.o  -o cmTryCompileExec2963787011  


Detecting CXX compiler ABI info compiled with the following output:
Change Dir: /Users/edwardzhou/develop/cocos2d-x-master/WebsocketTest/Classes/libwebsockets/CMakeFiles/CMakeTmp

Run Build Command:/usr/bin/gmake "cmTryCompileExec2398587854/fast"
/usr/bin/gmake -f CMakeFiles/cmTryCompileExec2398587854.dir/build.make CMakeFiles/cmTryCompileExec2398587854.dir/build
/usr/local/Cellar/cmake/2.8.10.2/bin/cmake -E cmake_progress_report /Users/edwardzhou/develop/cocos2d-x-master/WebsocketTest/Classes/libwebsockets/CMakeFiles/CMakeTmp/CMakeFiles 1
Building CXX object CMakeFiles/cmTryCompileExec2398587854.dir/CMakeCXXCompilerABI.cpp.o
/usr/bin/c++     -o CMakeFiles/cmTryCompileExec2398587854.dir/CMakeCXXCompilerABI.cpp.o -c /usr/local/Cellar/cmake/2.8.10.2/share/cmake/Modules/CMakeCXXCompilerABI.cpp
Linking CXX executable cmTryCompileExec2398587854
/usr/local/Cellar/cmake/2.8.10.2/bin/cmake -E cmake_link_script CMakeFiles/cmTryCompileExec2398587854.dir/link.txt --verbose=1
/usr/bin/c++       -Wl,-search_paths_first -Wl,-headerpad_max_install_names -v CMakeFiles/cmTryCompileExec2398587854.dir/CMakeCXXCompilerABI.cpp.o  -o cmTryCompileExec2398587854   
Apple LLVM version 4.2 (clang-425.0.28) (based on LLVM 3.2svn)
Target: x86_64-apple-darwin12.3.0
Thread model: posix
 "/usr/bin/ld" -demangle -dynamic -arch x86_64 -macosx_version_min 10.8.0 -o cmTryCompileExec2398587854 -search_paths_first -headerpad_max_install_names CMakeFiles/cmTryCompileExec2398587854.dir/CMakeCXXCompilerABI.cpp.o -lstdc++ -lSystem /usr/bin/../lib/clang/4.2/lib/darwin/libclang_rt.osx.a


Parsed CXX implicit link information from above output:
  link line regex: [^( *|.*[/\])(ld|ld|collect2)[^/\]*( |$)]
  ignore line: [Change Dir: /Users/edwardzhou/develop/cocos2d-x-master/WebsocketTest/Classes/libwebsockets/CMakeFiles/CMakeTmp]
  ignore line: []
  ignore line: [Run Build Command:/usr/bin/gmake "cmTryCompileExec2398587854/fast"]
  ignore line: [/usr/bin/gmake -f CMakeFiles/cmTryCompileExec2398587854.dir/build.make CMakeFiles/cmTryCompileExec2398587854.dir/build]
  ignore line: [/usr/local/Cellar/cmake/2.8.10.2/bin/cmake -E cmake_progress_report /Users/edwardzhou/develop/cocos2d-x-master/WebsocketTest/Classes/libwebsockets/CMakeFiles/CMakeTmp/CMakeFiles 1]
  ignore line: [Building CXX object CMakeFiles/cmTryCompileExec2398587854.dir/CMakeCXXCompilerABI.cpp.o]
  ignore line: [/usr/bin/c++     -o CMakeFiles/cmTryCompileExec2398587854.dir/CMakeCXXCompilerABI.cpp.o -c /usr/local/Cellar/cmake/2.8.10.2/share/cmake/Modules/CMakeCXXCompilerABI.cpp]
  ignore line: [Linking CXX executable cmTryCompileExec2398587854]
  ignore line: [/usr/local/Cellar/cmake/2.8.10.2/bin/cmake -E cmake_link_script CMakeFiles/cmTryCompileExec2398587854.dir/link.txt --verbose=1]
  ignore line: [/usr/bin/c++       -Wl,-search_paths_first -Wl,-headerpad_max_install_names -v CMakeFiles/cmTryCompileExec2398587854.dir/CMakeCXXCompilerABI.cpp.o  -o cmTryCompileExec2398587854   ]
  ignore line: [Apple LLVM version 4.2 (clang-425.0.28) (based on LLVM 3.2svn)]
  ignore line: [Target: x86_64-apple-darwin12.3.0]
  ignore line: [Thread model: posix]
  link line: [ "/usr/bin/ld" -demangle -dynamic -arch x86_64 -macosx_version_min 10.8.0 -o cmTryCompileExec2398587854 -search_paths_first -headerpad_max_install_names CMakeFiles/cmTryCompileExec2398587854.dir/CMakeCXXCompilerABI.cpp.o -lstdc++ -lSystem /usr/bin/../lib/clang/4.2/lib/darwin/libclang_rt.osx.a]
    arg [/usr/bin/ld] ==> ignore
    arg [-demangle] ==> ignore
    arg [-dynamic] ==> ignore
    arg [-arch] ==> ignore
    arg [x86_64] ==> ignore
    arg [-macosx_version_min] ==> ignore
    arg [10.8.0] ==> ignore
    arg [-o] ==> ignore
    arg [cmTryCompileExec2398587854] ==> ignore
    arg [-search_paths_first] ==> ignore
    arg [-headerpad_max_install_names] ==> ignore
    arg [CMakeFiles/cmTryCompileExec2398587854.dir/CMakeCXXCompilerABI.cpp.o] ==> ignore
    arg [-lstdc++] ==> lib [stdc++]
    arg [-lSystem] ==> lib [System]
    arg [/usr/bin/../lib/clang/4.2/lib/darwin/libclang_rt.osx.a] ==> lib [/usr/bin/../lib/clang/4.2/lib/darwin/libclang_rt.osx.a]
  remove lib [System]
  implicit libs: [stdc++;/usr/bin/../lib/clang/4.2/lib/darwin/libclang_rt.osx.a]
  implicit dirs: []


Determining if the function bzero exists passed with the following output:
Change Dir: /Users/edwardzhou/develop/cocos2d-x-master/WebsocketTest/Classes/libwebsockets/CMakeFiles/CMakeTmp

Run Build Command:/usr/bin/gmake "cmTryCompileExec1789528877/fast"
/usr/bin/gmake -f CMakeFiles/cmTryCompileExec1789528877.dir/build.make CMakeFiles/cmTryCompileExec1789528877.dir/build
/usr/local/Cellar/cmake/2.8.10.2/bin/cmake -E cmake_progress_report /Users/edwardzhou/develop/cocos2d-x-master/WebsocketTest/Classes/libwebsockets/CMakeFiles/CMakeTmp/CMakeFiles 1
Building C object CMakeFiles/cmTryCompileExec1789528877.dir/CheckFunctionExists.c.o
/usr/bin/cc  -DKEYWORD=__inline -DCHECK_FUNCTION_EXISTS=bzero   -o CMakeFiles/cmTryCompileExec1789528877.dir/CheckFunctionExists.c.o   -c /usr/local/Cellar/cmake/2.8.10.2/share/cmake/Modules/CheckFunctionExists.c
/usr/local/Cellar/cmake/2.8.10.2/share/cmake/Modules/CheckFunctionExists.c:3:6: warning: incompatible redeclaration of library function 'bzero'
char CHECK_FUNCTION_EXISTS();
     ^
<command line>:2:31: note: expanded from macro 'CHECK_FUNCTION_EXISTS'
#define CHECK_FUNCTION_EXISTS bzero
                              ^
/usr/local/Cellar/cmake/2.8.10.2/share/cmake/Modules/CheckFunctionExists.c:3:6: note: 'bzero' is a builtin with type 'void (void *, unsigned long)'
char CHECK_FUNCTION_EXISTS();
     ^
<command line>:2:31: note: expanded from macro 'CHECK_FUNCTION_EXISTS'
#define CHECK_FUNCTION_EXISTS bzero
                              ^
1 warning generated.
Linking C executable cmTryCompileExec1789528877
/usr/local/Cellar/cmake/2.8.10.2/bin/cmake -E cmake_link_script CMakeFiles/cmTryCompileExec1789528877.dir/link.txt --verbose=1
/usr/bin/cc     -DCHECK_FUNCTION_EXISTS=bzero -Wl,-search_paths_first -Wl,-headerpad_max_install_names   CMakeFiles/cmTryCompileExec1789528877.dir/CheckFunctionExists.c.o  -o cmTryCompileExec1789528877  


Determining if the function fork exists passed with the following output:
Change Dir: /Users/edwardzhou/develop/cocos2d-x-master/WebsocketTest/Classes/libwebsockets/CMakeFiles/CMakeTmp

Run Build Command:/usr/bin/gmake "cmTryCompileExec1899392474/fast"
/usr/bin/gmake -f CMakeFiles/cmTryCompileExec1899392474.dir/build.make CMakeFiles/cmTryCompileExec1899392474.dir/build
/usr/local/Cellar/cmake/2.8.10.2/bin/cmake -E cmake_progress_report /Users/edwardzhou/develop/cocos2d-x-master/WebsocketTest/Classes/libwebsockets/CMakeFiles/CMakeTmp/CMakeFiles 1
Building C object CMakeFiles/cmTryCompileExec1899392474.dir/CheckFunctionExists.c.o
/usr/bin/cc  -DKEYWORD=__inline -DCHECK_FUNCTION_EXISTS=fork   -o CMakeFiles/cmTryCompileExec1899392474.dir/CheckFunctionExists.c.o   -c /usr/local/Cellar/cmake/2.8.10.2/share/cmake/Modules/CheckFunctionExists.c
Linking C executable cmTryCompileExec1899392474
/usr/local/Cellar/cmake/2.8.10.2/bin/cmake -E cmake_link_script CMakeFiles/cmTryCompileExec1899392474.dir/link.txt --verbose=1
/usr/bin/cc     -DCHECK_FUNCTION_EXISTS=fork -Wl,-search_paths_first -Wl,-headerpad_max_install_names   CMakeFiles/cmTryCompileExec1899392474.dir/CheckFunctionExists.c.o  -o cmTryCompileExec1899392474  


Determining if the function malloc exists passed with the following output:
Change Dir: /Users/edwardzhou/develop/cocos2d-x-master/WebsocketTest/Classes/libwebsockets/CMakeFiles/CMakeTmp

Run Build Command:/usr/bin/gmake "cmTryCompileExec3187034236/fast"
/usr/bin/gmake -f CMakeFiles/cmTryCompileExec3187034236.dir/build.make CMakeFiles/cmTryCompileExec3187034236.dir/build
/usr/local/Cellar/cmake/2.8.10.2/bin/cmake -E cmake_progress_report /Users/edwardzhou/develop/cocos2d-x-master/WebsocketTest/Classes/libwebsockets/CMakeFiles/CMakeTmp/CMakeFiles 1
Building C object CMakeFiles/cmTryCompileExec3187034236.dir/CheckFunctionExists.c.o
/usr/bin/cc  -DKEYWORD=__inline -DCHECK_FUNCTION_EXISTS=malloc   -o CMakeFiles/cmTryCompileExec3187034236.dir/CheckFunctionExists.c.o   -c /usr/local/Cellar/cmake/2.8.10.2/share/cmake/Modules/CheckFunctionExists.c
/usr/local/Cellar/cmake/2.8.10.2/share/cmake/Modules/CheckFunctionExists.c:3:6: warning: incompatible redeclaration of library function 'malloc'
char CHECK_FUNCTION_EXISTS();
     ^
<command line>:2:31: note: expanded from macro 'CHECK_FUNCTION_EXISTS'
#define CHECK_FUNCTION_EXISTS malloc
                              ^
/usr/local/Cellar/cmake/2.8.10.2/share/cmake/Modules/CheckFunctionExists.c:3:6: note: 'malloc' is a builtin with type 'void *(unsigned long)'
char CHECK_FUNCTION_EXISTS();
     ^
<command line>:2:31: note: expanded from macro 'CHECK_FUNCTION_EXISTS'
#define CHECK_FUNCTION_EXISTS malloc
                              ^
1 warning generated.
Linking C executable cmTryCompileExec3187034236
/usr/local/Cellar/cmake/2.8.10.2/bin/cmake -E cmake_link_script CMakeFiles/cmTryCompileExec3187034236.dir/link.txt --verbose=1
/usr/bin/cc     -DCHECK_FUNCTION_EXISTS=malloc -Wl,-search_paths_first -Wl,-headerpad_max_install_names   CMakeFiles/cmTryCompileExec3187034236.dir/CheckFunctionExists.c.o  -o cmTryCompileExec3187034236  


Determining if the function memset exists passed with the following output:
Change Dir: /Users/edwardzhou/develop/cocos2d-x-master/WebsocketTest/Classes/libwebsockets/CMakeFiles/CMakeTmp

Run Build Command:/usr/bin/gmake "cmTryCompileExec2953361125/fast"
/usr/bin/gmake -f CMakeFiles/cmTryCompileExec2953361125.dir/build.make CMakeFiles/cmTryCompileExec2953361125.dir/build
/usr/local/Cellar/cmake/2.8.10.2/bin/cmake -E cmake_progress_report /Users/edwardzhou/develop/cocos2d-x-master/WebsocketTest/Classes/libwebsockets/CMakeFiles/CMakeTmp/CMakeFiles 1
Building C object CMakeFiles/cmTryCompileExec2953361125.dir/CheckFunctionExists.c.o
/usr/bin/cc  -DKEYWORD=__inline -DCHECK_FUNCTION_EXISTS=memset   -o CMakeFiles/cmTryCompileExec2953361125.dir/CheckFunctionExists.c.o   -c /usr/local/Cellar/cmake/2.8.10.2/share/cmake/Modules/CheckFunctionExists.c
/usr/local/Cellar/cmake/2.8.10.2/share/cmake/Modules/CheckFunctionExists.c:3:6: warning: incompatible redeclaration of library function 'memset'
char CHECK_FUNCTION_EXISTS();
     ^
<command line>:2:31: note: expanded from macro 'CHECK_FUNCTION_EXISTS'
#define CHECK_FUNCTION_EXISTS memset
                              ^
/usr/local/Cellar/cmake/2.8.10.2/share/cmake/Modules/CheckFunctionExists.c:3:6: note: 'memset' is a builtin with type 'void *(void *, int, unsigned long)'
char CHECK_FUNCTION_EXISTS();
     ^
<command line>:2:31: note: expanded from macro 'CHECK_FUNCTION_EXISTS'
#define CHECK_FUNCTION_EXISTS memset
                              ^
1 warning generated.
Linking C executable cmTryCompileExec2953361125
/usr/local/Cellar/cmake/2.8.10.2/bin/cmake -E cmake_link_script CMakeFiles/cmTryCompileExec2953361125.dir/link.txt --verbose=1
/usr/bin/cc     -DCHECK_FUNCTION_EXISTS=memset -Wl,-search_paths_first -Wl,-headerpad_max_install_names   CMakeFiles/cmTryCompileExec2953361125.dir/CheckFunctionExists.c.o  -o cmTryCompileExec2953361125  


Determining if the function realloc exists passed with the following output:
Change Dir: /Users/edwardzhou/develop/cocos2d-x-master/WebsocketTest/Classes/libwebsockets/CMakeFiles/CMakeTmp

Run Build Command:/usr/bin/gmake "cmTryCompileExec271126502/fast"
/usr/bin/gmake -f CMakeFiles/cmTryCompileExec271126502.dir/build.make CMakeFiles/cmTryCompileExec271126502.dir/build
/usr/local/Cellar/cmake/2.8.10.2/bin/cmake -E cmake_progress_report /Users/edwardzhou/develop/cocos2d-x-master/WebsocketTest/Classes/libwebsockets/CMakeFiles/CMakeTmp/CMakeFiles 1
Building C object CMakeFiles/cmTryCompileExec271126502.dir/CheckFunctionExists.c.o
/usr/bin/cc  -DKEYWORD=__inline -DCHECK_FUNCTION_EXISTS=realloc   -o CMakeFiles/cmTryCompileExec271126502.dir/CheckFunctionExists.c.o   -c /usr/local/Cellar/cmake/2.8.10.2/share/cmake/Modules/CheckFunctionExists.c
/usr/local/Cellar/cmake/2.8.10.2/share/cmake/Modules/CheckFunctionExists.c:3:6: warning: incompatible redeclaration of library function 'realloc'
char CHECK_FUNCTION_EXISTS();
     ^
<command line>:2:31: note: expanded from macro 'CHECK_FUNCTION_EXISTS'
#define CHECK_FUNCTION_EXISTS realloc
                              ^
/usr/local/Cellar/cmake/2.8.10.2/share/cmake/Modules/CheckFunctionExists.c:3:6: note: 'realloc' is a builtin with type 'void *(void *, unsigned long)'
char CHECK_FUNCTION_EXISTS();
     ^
<command line>:2:31: note: expanded from macro 'CHECK_FUNCTION_EXISTS'
#define CHECK_FUNCTION_EXISTS realloc
                              ^
1 warning generated.
Linking C executable cmTryCompileExec271126502
/usr/local/Cellar/cmake/2.8.10.2/bin/cmake -E cmake_link_script CMakeFiles/cmTryCompileExec271126502.dir/link.txt --verbose=1
/usr/bin/cc     -DCHECK_FUNCTION_EXISTS=realloc -Wl,-search_paths_first -Wl,-headerpad_max_install_names   CMakeFiles/cmTryCompileExec271126502.dir/CheckFunctionExists.c.o  -o cmTryCompileExec271126502  


Determining if the function socket exists passed with the following output:
Change Dir: /Users/edwardzhou/develop/cocos2d-x-master/WebsocketTest/Classes/libwebsockets/CMakeFiles/CMakeTmp

Run Build Command:/usr/bin/gmake "cmTryCompileExec1787739531/fast"
/usr/bin/gmake -f CMakeFiles/cmTryCompileExec1787739531.dir/build.make CMakeFiles/cmTryCompileExec1787739531.dir/build
/usr/local/Cellar/cmake/2.8.10.2/bin/cmake -E cmake_progress_report /Users/edwardzhou/develop/cocos2d-x-master/WebsocketTest/Classes/libwebsockets/CMakeFiles/CMakeTmp/CMakeFiles 1
Building C object CMakeFiles/cmTryCompileExec1787739531.dir/CheckFunctionExists.c.o
/usr/bin/cc  -DKEYWORD=__inline -DCHECK_FUNCTION_EXISTS=socket   -o CMakeFiles/cmTryCompileExec1787739531.dir/CheckFunctionExists.c.o   -c /usr/local/Cellar/cmake/2.8.10.2/share/cmake/Modules/CheckFunctionExists.c
Linking C executable cmTryCompileExec1787739531
/usr/local/Cellar/cmake/2.8.10.2/bin/cmake -E cmake_link_script CMakeFiles/cmTryCompileExec1787739531.dir/link.txt --verbose=1
/usr/bin/cc     -DCHECK_FUNCTION_EXISTS=socket -Wl,-search_paths_first -Wl,-headerpad_max_install_names   CMakeFiles/cmTryCompileExec1787739531.dir/CheckFunctionExists.c.o  -o cmTryCompileExec1787739531  


Determining if the function strerror exists passed with the following output:
Change Dir: /Users/edwardzhou/develop/cocos2d-x-master/WebsocketTest/Classes/libwebsockets/CMakeFiles/CMakeTmp

Run Build Command:/usr/bin/gmake "cmTryCompileExec162454619/fast"
/usr/bin/gmake -f CMakeFiles/cmTryCompileExec162454619.dir/build.make CMakeFiles/cmTryCompileExec162454619.dir/build
/usr/local/Cellar/cmake/2.8.10.2/bin/cmake -E cmake_progress_report /Users/edwardzhou/develop/cocos2d-x-master/WebsocketTest/Classes/libwebsockets/CMakeFiles/CMakeTmp/CMakeFiles 1
Building C object CMakeFiles/cmTryCompileExec162454619.dir/CheckFunctionExists.c.o
/usr/bin/cc  -DKEYWORD=__inline -DCHECK_FUNCTION_EXISTS=strerror   -o CMakeFiles/cmTryCompileExec162454619.dir/CheckFunctionExists.c.o   -c /usr/local/Cellar/cmake/2.8.10.2/share/cmake/Modules/CheckFunctionExists.c
/usr/local/Cellar/cmake/2.8.10.2/share/cmake/Modules/CheckFunctionExists.c:3:6: warning: incompatible redeclaration of library function 'strerror'
char CHECK_FUNCTION_EXISTS();
     ^
<command line>:2:31: note: expanded from macro 'CHECK_FUNCTION_EXISTS'
#define CHECK_FUNCTION_EXISTS strerror
                              ^
/usr/local/Cellar/cmake/2.8.10.2/share/cmake/Modules/CheckFunctionExists.c:3:6: note: 'strerror' is a builtin with type 'char *(int)'
char CHECK_FUNCTION_EXISTS();
     ^
<command line>:2:31: note: expanded from macro 'CHECK_FUNCTION_EXISTS'
#define CHECK_FUNCTION_EXISTS strerror
                              ^
1 warning generated.
Linking C executable cmTryCompileExec162454619
/usr/local/Cellar/cmake/2.8.10.2/bin/cmake -E cmake_link_script CMakeFiles/cmTryCompileExec162454619.dir/link.txt --verbose=1
/usr/bin/cc     -DCHECK_FUNCTION_EXISTS=strerror -Wl,-search_paths_first -Wl,-headerpad_max_install_names   CMakeFiles/cmTryCompileExec162454619.dir/CheckFunctionExists.c.o  -o cmTryCompileExec162454619  


Determining if the function vfork exists passed with the following output:
Change Dir: /Users/edwardzhou/develop/cocos2d-x-master/WebsocketTest/Classes/libwebsockets/CMakeFiles/CMakeTmp

Run Build Command:/usr/bin/gmake "cmTryCompileExec3545799618/fast"
/usr/bin/gmake -f CMakeFiles/cmTryCompileExec3545799618.dir/build.make CMakeFiles/cmTryCompileExec3545799618.dir/build
/usr/local/Cellar/cmake/2.8.10.2/bin/cmake -E cmake_progress_report /Users/edwardzhou/develop/cocos2d-x-master/WebsocketTest/Classes/libwebsockets/CMakeFiles/CMakeTmp/CMakeFiles 1
Building C object CMakeFiles/cmTryCompileExec3545799618.dir/CheckFunctionExists.c.o
/usr/bin/cc  -DKEYWORD=__inline -DCHECK_FUNCTION_EXISTS=vfork   -o CMakeFiles/cmTryCompileExec3545799618.dir/CheckFunctionExists.c.o   -c /usr/local/Cellar/cmake/2.8.10.2/share/cmake/Modules/CheckFunctionExists.c
/usr/local/Cellar/cmake/2.8.10.2/share/cmake/Modules/CheckFunctionExists.c:3:6: warning: incompatible redeclaration of library function 'vfork'
char CHECK_FUNCTION_EXISTS();
     ^
<command line>:2:31: note: expanded from macro 'CHECK_FUNCTION_EXISTS'
#define CHECK_FUNCTION_EXISTS vfork
                              ^
/usr/local/Cellar/cmake/2.8.10.2/share/cmake/Modules/CheckFunctionExists.c:3:6: note: 'vfork' is a builtin with type 'int (void)'
char CHECK_FUNCTION_EXISTS();
     ^
<command line>:2:31: note: expanded from macro 'CHECK_FUNCTION_EXISTS'
#define CHECK_FUNCTION_EXISTS vfork
                              ^
1 warning generated.
Linking C executable cmTryCompileExec3545799618
/usr/local/Cellar/cmake/2.8.10.2/bin/cmake -E cmake_link_script CMakeFiles/cmTryCompileExec3545799618.dir/link.txt --verbose=1
/usr/bin/cc     -DCHECK_FUNCTION_EXISTS=vfork -Wl,-search_paths_first -Wl,-headerpad_max_install_names   CMakeFiles/cmTryCompileExec3545799618.dir/CheckFunctionExists.c.o  -o cmTryCompileExec3545799618  


Determining if the function getifaddrs exists passed with the following output:
Change Dir: /Users/edwardzhou/develop/cocos2d-x-master/WebsocketTest/Classes/libwebsockets/CMakeFiles/CMakeTmp

Run Build Command:/usr/bin/gmake "cmTryCompileExec2309269197/fast"
/usr/bin/gmake -f CMakeFiles/cmTryCompileExec2309269197.dir/build.make CMakeFiles/cmTryCompileExec2309269197.dir/build
/usr/local/Cellar/cmake/2.8.10.2/bin/cmake -E cmake_progress_report /Users/edwardzhou/develop/cocos2d-x-master/WebsocketTest/Classes/libwebsockets/CMakeFiles/CMakeTmp/CMakeFiles 1
Building C object CMakeFiles/cmTryCompileExec2309269197.dir/CheckFunctionExists.c.o
/usr/bin/cc  -DKEYWORD=__inline -DCHECK_FUNCTION_EXISTS=getifaddrs   -o CMakeFiles/cmTryCompileExec2309269197.dir/CheckFunctionExists.c.o   -c /usr/local/Cellar/cmake/2.8.10.2/share/cmake/Modules/CheckFunctionExists.c
Linking C executable cmTryCompileExec2309269197
/usr/local/Cellar/cmake/2.8.10.2/bin/cmake -E cmake_link_script CMakeFiles/cmTryCompileExec2309269197.dir/link.txt --verbose=1
/usr/bin/cc     -DCHECK_FUNCTION_EXISTS=getifaddrs -Wl,-search_paths_first -Wl,-headerpad_max_install_names   CMakeFiles/cmTryCompileExec2309269197.dir/CheckFunctionExists.c.o  -o cmTryCompileExec2309269197  


Determining if the include file dlfcn.h exists passed with the following output:
Change Dir: /Users/edwardzhou/develop/cocos2d-x-master/WebsocketTest/Classes/libwebsockets/CMakeFiles/CMakeTmp

Run Build Command:/usr/bin/gmake "cmTryCompileExec1374822661/fast"
/usr/bin/gmake -f CMakeFiles/cmTryCompileExec1374822661.dir/build.make CMakeFiles/cmTryCompileExec1374822661.dir/build
/usr/local/Cellar/cmake/2.8.10.2/bin/cmake -E cmake_progress_report /Users/edwardzhou/develop/cocos2d-x-master/WebsocketTest/Classes/libwebsockets/CMakeFiles/CMakeTmp/CMakeFiles 1
Building C object CMakeFiles/cmTryCompileExec1374822661.dir/CheckIncludeFile.c.o
/usr/bin/cc  -DKEYWORD=__inline  -o CMakeFiles/cmTryCompileExec1374822661.dir/CheckIncludeFile.c.o   -c /Users/edwardzhou/develop/cocos2d-x-master/WebsocketTest/Classes/libwebsockets/CMakeFiles/CMakeTmp/CheckIncludeFile.c
Linking C executable cmTryCompileExec1374822661
/usr/local/Cellar/cmake/2.8.10.2/bin/cmake -E cmake_link_script CMakeFiles/cmTryCompileExec1374822661.dir/link.txt --verbose=1
/usr/bin/cc      -Wl,-search_paths_first -Wl,-headerpad_max_install_names   CMakeFiles/cmTryCompileExec1374822661.dir/CheckIncludeFile.c.o  -o cmTryCompileExec1374822661  


Determining if the include file fcntl.h exists passed with the following output:
Change Dir: /Users/edwardzhou/develop/cocos2d-x-master/WebsocketTest/Classes/libwebsockets/CMakeFiles/CMakeTmp

Run Build Command:/usr/bin/gmake "cmTryCompileExec180359885/fast"
/usr/bin/gmake -f CMakeFiles/cmTryCompileExec180359885.dir/build.make CMakeFiles/cmTryCompileExec180359885.dir/build
/usr/local/Cellar/cmake/2.8.10.2/bin/cmake -E cmake_progress_report /Users/edwardzhou/develop/cocos2d-x-master/WebsocketTest/Classes/libwebsockets/CMakeFiles/CMakeTmp/CMakeFiles 1
Building C object CMakeFiles/cmTryCompileExec180359885.dir/CheckIncludeFile.c.o
/usr/bin/cc  -DKEYWORD=__inline  -o CMakeFiles/cmTryCompileExec180359885.dir/CheckIncludeFile.c.o   -c /Users/edwardzhou/develop/cocos2d-x-master/WebsocketTest/Classes/libwebsockets/CMakeFiles/CMakeTmp/CheckIncludeFile.c
Linking C executable cmTryCompileExec180359885
/usr/local/Cellar/cmake/2.8.10.2/bin/cmake -E cmake_link_script CMakeFiles/cmTryCompileExec180359885.dir/link.txt --verbose=1
/usr/bin/cc      -Wl,-search_paths_first -Wl,-headerpad_max_install_names   CMakeFiles/cmTryCompileExec180359885.dir/CheckIncludeFile.c.o  -o cmTryCompileExec180359885  


Determining if the include file inttypes.h exists passed with the following output:
Change Dir: /Users/edwardzhou/develop/cocos2d-x-master/WebsocketTest/Classes/libwebsockets/CMakeFiles/CMakeTmp

Run Build Command:/usr/bin/gmake "cmTryCompileExec3324248794/fast"
/usr/bin/gmake -f CMakeFiles/cmTryCompileExec3324248794.dir/build.make CMakeFiles/cmTryCompileExec3324248794.dir/build
/usr/local/Cellar/cmake/2.8.10.2/bin/cmake -E cmake_progress_report /Users/edwardzhou/develop/cocos2d-x-master/WebsocketTest/Classes/libwebsockets/CMakeFiles/CMakeTmp/CMakeFiles 1
Building C object CMakeFiles/cmTryCompileExec3324248794.dir/CheckIncludeFile.c.o
/usr/bin/cc  -DKEYWORD=__inline  -o CMakeFiles/cmTryCompileExec3324248794.dir/CheckIncludeFile.c.o   -c /Users/edwardzhou/develop/cocos2d-x-master/WebsocketTest/Classes/libwebsockets/CMakeFiles/CMakeTmp/CheckIncludeFile.c
Linking C executable cmTryCompileExec3324248794
/usr/local/Cellar/cmake/2.8.10.2/bin/cmake -E cmake_link_script CMakeFiles/cmTryCompileExec3324248794.dir/link.txt --verbose=1
/usr/bin/cc      -Wl,-search_paths_first -Wl,-headerpad_max_install_names   CMakeFiles/cmTryCompileExec3324248794.dir/CheckIncludeFile.c.o  -o cmTryCompileExec3324248794  


Determining if the include file memory.h exists passed with the following output:
Change Dir: /Users/edwardzhou/develop/cocos2d-x-master/WebsocketTest/Classes/libwebsockets/CMakeFiles/CMakeTmp

Run Build Command:/usr/bin/gmake "cmTryCompileExec1236553414/fast"
/usr/bin/gmake -f CMakeFiles/cmTryCompileExec1236553414.dir/build.make CMakeFiles/cmTryCompileExec1236553414.dir/build
/usr/local/Cellar/cmake/2.8.10.2/bin/cmake -E cmake_progress_report /Users/edwardzhou/develop/cocos2d-x-master/WebsocketTest/Classes/libwebsockets/CMakeFiles/CMakeTmp/CMakeFiles 1
Building C object CMakeFiles/cmTryCompileExec1236553414.dir/CheckIncludeFile.c.o
/usr/bin/cc  -DKEYWORD=__inline  -o CMakeFiles/cmTryCompileExec1236553414.dir/CheckIncludeFile.c.o   -c /Users/edwardzhou/develop/cocos2d-x-master/WebsocketTest/Classes/libwebsockets/CMakeFiles/CMakeTmp/CheckIncludeFile.c
Linking C executable cmTryCompileExec1236553414
/usr/local/Cellar/cmake/2.8.10.2/bin/cmake -E cmake_link_script CMakeFiles/cmTryCompileExec1236553414.dir/link.txt --verbose=1
/usr/bin/cc      -Wl,-search_paths_first -Wl,-headerpad_max_install_names   CMakeFiles/cmTryCompileExec1236553414.dir/CheckIncludeFile.c.o  -o cmTryCompileExec1236553414  


Determining if the include file netinet/in.h exists passed with the following output:
Change Dir: /Users/edwardzhou/develop/cocos2d-x-master/WebsocketTest/Classes/libwebsockets/CMakeFiles/CMakeTmp

Run Build Command:/usr/bin/gmake "cmTryCompileExec548564027/fast"
/usr/bin/gmake -f CMakeFiles/cmTryCompileExec548564027.dir/build.make CMakeFiles/cmTryCompileExec548564027.dir/build
/usr/local/Cellar/cmake/2.8.10.2/bin/cmake -E cmake_progress_report /Users/edwardzhou/develop/cocos2d-x-master/WebsocketTest/Classes/libwebsockets/CMakeFiles/CMakeTmp/CMakeFiles 1
Building C object CMakeFiles/cmTryCompileExec548564027.dir/CheckIncludeFile.c.o
/usr/bin/cc  -DKEYWORD=__inline  -o CMakeFiles/cmTryCompileExec548564027.dir/CheckIncludeFile.c.o   -c /Users/edwardzhou/develop/cocos2d-x-master/WebsocketTest/Classes/libwebsockets/CMakeFiles/CMakeTmp/CheckIncludeFile.c
Linking C executable cmTryCompileExec548564027
/usr/local/Cellar/cmake/2.8.10.2/bin/cmake -E cmake_link_script CMakeFiles/cmTryCompileExec548564027.dir/link.txt --verbose=1
/usr/bin/cc      -Wl,-search_paths_first -Wl,-headerpad_max_install_names   CMakeFiles/cmTryCompileExec548564027.dir/CheckIncludeFile.c.o  -o cmTryCompileExec548564027  


Determining if the include file stdint.h exists passed with the following output:
Change Dir: /Users/edwardzhou/develop/cocos2d-x-master/WebsocketTest/Classes/libwebsockets/CMakeFiles/CMakeTmp

Run Build Command:/usr/bin/gmake "cmTryCompileExec494981249/fast"
/usr/bin/gmake -f CMakeFiles/cmTryCompileExec494981249.dir/build.make CMakeFiles/cmTryCompileExec494981249.dir/build
/usr/local/Cellar/cmake/2.8.10.2/bin/cmake -E cmake_progress_report /Users/edwardzhou/develop/cocos2d-x-master/WebsocketTest/Classes/libwebsockets/CMakeFiles/CMakeTmp/CMakeFiles 1
Building C object CMakeFiles/cmTryCompileExec494981249.dir/CheckIncludeFile.c.o
/usr/bin/cc  -DKEYWORD=__inline  -o CMakeFiles/cmTryCompileExec494981249.dir/CheckIncludeFile.c.o   -c /Users/edwardzhou/develop/cocos2d-x-master/WebsocketTest/Classes/libwebsockets/CMakeFiles/CMakeTmp/CheckIncludeFile.c
Linking C executable cmTryCompileExec494981249
/usr/local/Cellar/cmake/2.8.10.2/bin/cmake -E cmake_link_script CMakeFiles/cmTryCompileExec494981249.dir/link.txt --verbose=1
/usr/bin/cc      -Wl,-search_paths_first -Wl,-headerpad_max_install_names   CMakeFiles/cmTryCompileExec494981249.dir/CheckIncludeFile.c.o  -o cmTryCompileExec494981249  


Determining if the include file stdlib.h exists passed with the following output:
Change Dir: /Users/edwardzhou/develop/cocos2d-x-master/WebsocketTest/Classes/libwebsockets/CMakeFiles/CMakeTmp

Run Build Command:/usr/bin/gmake "cmTryCompileExec1136655916/fast"
/usr/bin/gmake -f CMakeFiles/cmTryCompileExec1136655916.dir/build.make CMakeFiles/cmTryCompileExec1136655916.dir/build
/usr/local/Cellar/cmake/2.8.10.2/bin/cmake -E cmake_progress_report /Users/edwardzhou/develop/cocos2d-x-master/WebsocketTest/Classes/libwebsockets/CMakeFiles/CMakeTmp/CMakeFiles 1
Building C object CMakeFiles/cmTryCompileExec1136655916.dir/CheckIncludeFile.c.o
/usr/bin/cc  -DKEYWORD=__inline  -o CMakeFiles/cmTryCompileExec1136655916.dir/CheckIncludeFile.c.o   -c /Users/edwardzhou/develop/cocos2d-x-master/WebsocketTest/Classes/libwebsockets/CMakeFiles/CMakeTmp/CheckIncludeFile.c
Linking C executable cmTryCompileExec1136655916
/usr/local/Cellar/cmake/2.8.10.2/bin/cmake -E cmake_link_script CMakeFiles/cmTryCompileExec1136655916.dir/link.txt --verbose=1
/usr/bin/cc      -Wl,-search_paths_first -Wl,-headerpad_max_install_names   CMakeFiles/cmTryCompileExec1136655916.dir/CheckIncludeFile.c.o  -o cmTryCompileExec1136655916  


Determining if the include file strings.h exists passed with the following output:
Change Dir: /Users/edwardzhou/develop/cocos2d-x-master/WebsocketTest/Classes/libwebsockets/CMakeFiles/CMakeTmp

Run Build Command:/usr/bin/gmake "cmTryCompileExec1554981974/fast"
/usr/bin/gmake -f CMakeFiles/cmTryCompileExec1554981974.dir/build.make CMakeFiles/cmTryCompileExec1554981974.dir/build
/usr/local/Cellar/cmake/2.8.10.2/bin/cmake -E cmake_progress_report /Users/edwardzhou/develop/cocos2d-x-master/WebsocketTest/Classes/libwebsockets/CMakeFiles/CMakeTmp/CMakeFiles 1
Building C object CMakeFiles/cmTryCompileExec1554981974.dir/CheckIncludeFile.c.o
/usr/bin/cc  -DKEYWORD=__inline  -o CMakeFiles/cmTryCompileExec1554981974.dir/CheckIncludeFile.c.o   -c /Users/edwardzhou/develop/cocos2d-x-master/WebsocketTest/Classes/libwebsockets/CMakeFiles/CMakeTmp/CheckIncludeFile.c
Linking C executable cmTryCompileExec1554981974
/usr/local/Cellar/cmake/2.8.10.2/bin/cmake -E cmake_link_script CMakeFiles/cmTryCompileExec1554981974.dir/link.txt --verbose=1
/usr/bin/cc      -Wl,-search_paths_first -Wl,-headerpad_max_install_names   CMakeFiles/cmTryCompileExec1554981974.dir/CheckIncludeFile.c.o  -o cmTryCompileExec1554981974  


Determining if the include file string.h exists passed with the following output:
Change Dir: /Users/edwardzhou/develop/cocos2d-x-master/WebsocketTest/Classes/libwebsockets/CMakeFiles/CMakeTmp

Run Build Command:/usr/bin/gmake "cmTryCompileExec3663592646/fast"
/usr/bin/gmake -f CMakeFiles/cmTryCompileExec3663592646.dir/build.make CMakeFiles/cmTryCompileExec3663592646.dir/build
/usr/local/Cellar/cmake/2.8.10.2/bin/cmake -E cmake_progress_report /Users/edwardzhou/develop/cocos2d-x-master/WebsocketTest/Classes/libwebsockets/CMakeFiles/CMakeTmp/CMakeFiles 1
Building C object CMakeFiles/cmTryCompileExec3663592646.dir/CheckIncludeFile.c.o
/usr/bin/cc  -DKEYWORD=__inline  -o CMakeFiles/cmTryCompileExec3663592646.dir/CheckIncludeFile.c.o   -c /Users/edwardzhou/develop/cocos2d-x-master/WebsocketTest/Classes/libwebsockets/CMakeFiles/CMakeTmp/CheckIncludeFile.c
Linking C executable cmTryCompileExec3663592646
/usr/local/Cellar/cmake/2.8.10.2/bin/cmake -E cmake_link_script CMakeFiles/cmTryCompileExec3663592646.dir/link.txt --verbose=1
/usr/bin/cc      -Wl,-search_paths_first -Wl,-headerpad_max_install_names   CMakeFiles/cmTryCompileExec3663592646.dir/CheckIncludeFile.c.o  -o cmTryCompileExec3663592646  


Determining if the include file sys/socket.h exists passed with the following output:
Change Dir: /Users/edwardzhou/develop/cocos2d-x-master/WebsocketTest/Classes/libwebsockets/CMakeFiles/CMakeTmp

Run Build Command:/usr/bin/gmake "cmTryCompileExec1669069752/fast"
/usr/bin/gmake -f CMakeFiles/cmTryCompileExec1669069752.dir/build.make CMakeFiles/cmTryCompileExec1669069752.dir/build
/usr/local/Cellar/cmake/2.8.10.2/bin/cmake -E cmake_progress_report /Users/edwardzhou/develop/cocos2d-x-master/WebsocketTest/Classes/libwebsockets/CMakeFiles/CMakeTmp/CMakeFiles 1
Building C object CMakeFiles/cmTryCompileExec1669069752.dir/CheckIncludeFile.c.o
/usr/bin/cc  -DKEYWORD=__inline  -o CMakeFiles/cmTryCompileExec1669069752.dir/CheckIncludeFile.c.o   -c /Users/edwardzhou/develop/cocos2d-x-master/WebsocketTest/Classes/libwebsockets/CMakeFiles/CMakeTmp/CheckIncludeFile.c
Linking C executable cmTryCompileExec1669069752
/usr/local/Cellar/cmake/2.8.10.2/bin/cmake -E cmake_link_script CMakeFiles/cmTryCompileExec1669069752.dir/link.txt --verbose=1
/usr/bin/cc      -Wl,-search_paths_first -Wl,-headerpad_max_install_names   CMakeFiles/cmTryCompileExec1669069752.dir/CheckIncludeFile.c.o  -o cmTryCompileExec1669069752  


Determining if the include file sys/stat.h exists passed with the following output:
Change Dir: /Users/edwardzhou/develop/cocos2d-x-master/WebsocketTest/Classes/libwebsockets/CMakeFiles/CMakeTmp

Run Build Command:/usr/bin/gmake "cmTryCompileExec752452910/fast"
/usr/bin/gmake -f CMakeFiles/cmTryCompileExec752452910.dir/build.make CMakeFiles/cmTryCompileExec752452910.dir/build
/usr/local/Cellar/cmake/2.8.10.2/bin/cmake -E cmake_progress_report /Users/edwardzhou/develop/cocos2d-x-master/WebsocketTest/Classes/libwebsockets/CMakeFiles/CMakeTmp/CMakeFiles 1
Building C object CMakeFiles/cmTryCompileExec752452910.dir/CheckIncludeFile.c.o
/usr/bin/cc  -DKEYWORD=__inline  -o CMakeFiles/cmTryCompileExec752452910.dir/CheckIncludeFile.c.o   -c /Users/edwardzhou/develop/cocos2d-x-master/WebsocketTest/Classes/libwebsockets/CMakeFiles/CMakeTmp/CheckIncludeFile.c
Linking C executable cmTryCompileExec752452910
/usr/local/Cellar/cmake/2.8.10.2/bin/cmake -E cmake_link_script CMakeFiles/cmTryCompileExec752452910.dir/link.txt --verbose=1
/usr/bin/cc      -Wl,-search_paths_first -Wl,-headerpad_max_install_names   CMakeFiles/cmTryCompileExec752452910.dir/CheckIncludeFile.c.o  -o cmTryCompileExec752452910  


Determining if the include file sys/types.h exists passed with the following output:
Change Dir: /Users/edwardzhou/develop/cocos2d-x-master/WebsocketTest/Classes/libwebsockets/CMakeFiles/CMakeTmp

Run Build Command:/usr/bin/gmake "cmTryCompileExec1563246768/fast"
/usr/bin/gmake -f CMakeFiles/cmTryCompileExec1563246768.dir/build.make CMakeFiles/cmTryCompileExec1563246768.dir/build
/usr/local/Cellar/cmake/2.8.10.2/bin/cmake -E cmake_progress_report /Users/edwardzhou/develop/cocos2d-x-master/WebsocketTest/Classes/libwebsockets/CMakeFiles/CMakeTmp/CMakeFiles 1
Building C object CMakeFiles/cmTryCompileExec1563246768.dir/CheckIncludeFile.c.o
/usr/bin/cc  -DKEYWORD=__inline  -o CMakeFiles/cmTryCompileExec1563246768.dir/CheckIncludeFile.c.o   -c /Users/edwardzhou/develop/cocos2d-x-master/WebsocketTest/Classes/libwebsockets/CMakeFiles/CMakeTmp/CheckIncludeFile.c
Linking C executable cmTryCompileExec1563246768
/usr/local/Cellar/cmake/2.8.10.2/bin/cmake -E cmake_link_script CMakeFiles/cmTryCompileExec1563246768.dir/link.txt --verbose=1
/usr/bin/cc      -Wl,-search_paths_first -Wl,-headerpad_max_install_names   CMakeFiles/cmTryCompileExec1563246768.dir/CheckIncludeFile.c.o  -o cmTryCompileExec1563246768  


Determining if the include file unistd.h exists passed with the following output:
Change Dir: /Users/edwardzhou/develop/cocos2d-x-master/WebsocketTest/Classes/libwebsockets/CMakeFiles/CMakeTmp

Run Build Command:/usr/bin/gmake "cmTryCompileExec328423931/fast"
/usr/bin/gmake -f CMakeFiles/cmTryCompileExec328423931.dir/build.make CMakeFiles/cmTryCompileExec328423931.dir/build
/usr/local/Cellar/cmake/2.8.10.2/bin/cmake -E cmake_progress_report /Users/edwardzhou/develop/cocos2d-x-master/WebsocketTest/Classes/libwebsockets/CMakeFiles/CMakeTmp/CMakeFiles 1
Building C object CMakeFiles/cmTryCompileExec328423931.dir/CheckIncludeFile.c.o
/usr/bin/cc  -DKEYWORD=__inline  -o CMakeFiles/cmTryCompileExec328423931.dir/CheckIncludeFile.c.o   -c /Users/edwardzhou/develop/cocos2d-x-master/WebsocketTest/Classes/libwebsockets/CMakeFiles/CMakeTmp/CheckIncludeFile.c
Linking C executable cmTryCompileExec328423931
/usr/local/Cellar/cmake/2.8.10.2/bin/cmake -E cmake_link_script CMakeFiles/cmTryCompileExec328423931.dir/link.txt --verbose=1
/usr/bin/cc      -Wl,-search_paths_first -Wl,-headerpad_max_install_names   CMakeFiles/cmTryCompileExec328423931.dir/CheckIncludeFile.c.o  -o cmTryCompileExec328423931  


Determining if the include file zlib.h exists passed with the following output:
Change Dir: /Users/edwardzhou/develop/cocos2d-x-master/WebsocketTest/Classes/libwebsockets/CMakeFiles/CMakeTmp

Run Build Command:/usr/bin/gmake "cmTryCompileExec2725708540/fast"
/usr/bin/gmake -f CMakeFiles/cmTryCompileExec2725708540.dir/build.make CMakeFiles/cmTryCompileExec2725708540.dir/build
/usr/local/Cellar/cmake/2.8.10.2/bin/cmake -E cmake_progress_report /Users/edwardzhou/develop/cocos2d-x-master/WebsocketTest/Classes/libwebsockets/CMakeFiles/CMakeTmp/CMakeFiles 1
Building C object CMakeFiles/cmTryCompileExec2725708540.dir/CheckIncludeFile.c.o
/usr/bin/cc  -DKEYWORD=__inline  -o CMakeFiles/cmTryCompileExec2725708540.dir/CheckIncludeFile.c.o   -c /Users/edwardzhou/develop/cocos2d-x-master/WebsocketTest/Classes/libwebsockets/CMakeFiles/CMakeTmp/CheckIncludeFile.c
Linking C executable cmTryCompileExec2725708540
/usr/local/Cellar/cmake/2.8.10.2/bin/cmake -E cmake_link_script CMakeFiles/cmTryCompileExec2725708540.dir/link.txt --verbose=1
/usr/bin/cc      -Wl,-search_paths_first -Wl,-headerpad_max_install_names   CMakeFiles/cmTryCompileExec2725708540.dir/CheckIncludeFile.c.o  -o cmTryCompileExec2725708540  


Determining if files stdlib.h;stdarg.h;string.h;float.h exist passed with the following output:
Change Dir: /Users/edwardzhou/develop/cocos2d-x-master/WebsocketTest/Classes/libwebsockets/CMakeFiles/CMakeTmp

Run Build Command:/usr/bin/gmake "cmTryCompileExec184846160/fast"
/usr/bin/gmake -f CMakeFiles/cmTryCompileExec184846160.dir/build.make CMakeFiles/cmTryCompileExec184846160.dir/build
/usr/local/Cellar/cmake/2.8.10.2/bin/cmake -E cmake_progress_report /Users/edwardzhou/develop/cocos2d-x-master/WebsocketTest/Classes/libwebsockets/CMakeFiles/CMakeTmp/CMakeFiles 1
Building C object CMakeFiles/cmTryCompileExec184846160.dir/CheckIncludeFiles.c.o
/usr/bin/cc  -DKEYWORD=__inline  -o CMakeFiles/cmTryCompileExec184846160.dir/CheckIncludeFiles.c.o   -c /Users/edwardzhou/develop/cocos2d-x-master/WebsocketTest/Classes/libwebsockets/CMakeFiles/CMakeTmp/CheckIncludeFiles.c
Linking C executable cmTryCompileExec184846160
/usr/local/Cellar/cmake/2.8.10.2/bin/cmake -E cmake_link_script CMakeFiles/cmTryCompileExec184846160.dir/link.txt --verbose=1
/usr/bin/cc      -Wl,-search_paths_first -Wl,-headerpad_max_install_names   CMakeFiles/cmTryCompileExec184846160.dir/CheckIncludeFiles.c.o  -o cmTryCompileExec184846160  


