2011-5-16 11:35:00 org.apache.catalina.core.AprLifecycleListener init
信息: The APR based Apache Tomcat Native library which allows optimal performance in production environments was not found on the java.library.path: D:\Program Files\Java\jdk1.6.0_16\bin;.;C:\WINDOWS\Sun\Java\bin;C:\WINDOWS\system32;C:\WINDOWS;d:\Program Files\ARM\ADSv1_2\bin;C:\WINDOWS\system32;C:\WINDOWS;C:\WINDOWS\System32\Wbem;C:\Program Files\Common Files\Thunder Network\KanKan\Codecs;C:\Program Files\Microsoft SQL Server\90\Tools\binn\;D:\Program Files\TortoiseSVN\bin;D:\Program Files\Microsoft Visual Studio 8\VC\bin;D:\Android\android-sdk-windows\platform-tools;C:\Program Files\IDM Computer Solutions\UltraEdit\;D:\Program Files\Microsoft Visual Studio 8\VC\bin;D:\Java\apache-maven-2.2.1\bin
2011-5-16 11:35:02 org.apache.coyote.http11.Http11Protocol init
信息: Initializing Coyote HTTP/1.1 on http-8080
2011-5-16 11:35:02 org.apache.catalina.startup.Catalina load
信息: Initialization processed in 2416 ms
2011-5-16 11:35:02 org.apache.catalina.core.StandardService start
信息: Starting service Catalina
2011-5-16 11:35:02 org.apache.catalina.core.StandardEngine start
信息: Starting Servlet Engine: Apache Tomcat/6.0.32
2011-5-16 11:35:02 org.apache.catalina.startup.HostConfig deployDescriptor
信息: Deploying configuration descriptor host-manager.xml
2011-5-16 11:35:03 org.apache.catalina.startup.HostConfig deployDescriptor
信息: Deploying configuration descriptor manager.xml
2011-5-16 11:35:03 org.apache.catalina.startup.HostConfig deployDirectory
信息: Deploying web application directory androidtest
2011-5-16 11:35:03 org.apache.catalina.startup.HostConfig deployDirectory
信息: Deploying web application directory docs
2011-5-16 11:35:03 org.apache.catalina.startup.HostConfig deployDirectory
信息: Deploying web application directory examples
2011-5-16 11:35:03 org.apache.catalina.startup.HostConfig deployDirectory
信息: Deploying web application directory ROOT
2011-5-16 11:35:04 org.apache.coyote.http11.Http11Protocol start
信息: Starting Coyote HTTP/1.1 on http-8080
2011-5-16 11:35:04 org.apache.jk.common.ChannelSocket init
信息: JK: ajp13 listening on /0.0.0.0:8009
2011-5-16 11:35:04 org.apache.jk.server.JkMain start
信息: Jk running ID=0 time=0/63  config=null
2011-5-16 11:35:04 org.apache.catalina.startup.Catalina start
信息: Server startup in 1818 ms
2011-5-16 11:36:52 org.apache.jasper.compiler.TldLocationsCache processWebDotXml
警告: Internal Error: File /WEB-INF/web.xml not found
2011-5-16 13:24:45 org.apache.coyote.http11.Http11Protocol pause
信息: Pausing Coyote HTTP/1.1 on http-8080
2011-5-16 13:30:41 org.apache.catalina.core.AprLifecycleListener init
信息: The APR based Apache Tomcat Native library which allows optimal performance in production environments was not found on the java.library.path: D:\Program Files\Java\jdk1.6.0_16\bin;.;C:\WINDOWS\Sun\Java\bin;C:\WINDOWS\system32;C:\WINDOWS;d:\Program Files\ARM\ADSv1_2\bin;C:\WINDOWS\system32;C:\WINDOWS;C:\WINDOWS\System32\Wbem;C:\Program Files\Common Files\Thunder Network\KanKan\Codecs;C:\Program Files\Microsoft SQL Server\90\Tools\binn\;D:\Program Files\TortoiseSVN\bin;D:\Program Files\Microsoft Visual Studio 8\VC\bin;D:\Android\android-sdk-windows\platform-tools;C:\Program Files\IDM Computer Solutions\UltraEdit\;D:\Program Files\Microsoft Visual Studio 8\VC\bin;D:\Java\apache-maven-2.2.1\bin
2011-5-16 13:30:42 org.apache.coyote.http11.Http11Protocol init
信息: Initializing Coyote HTTP/1.1 on http-8080
2011-5-16 13:30:42 org.apache.catalina.startup.Catalina load
信息: Initialization processed in 3400 ms
2011-5-16 13:30:42 org.apache.catalina.core.StandardService start
信息: Starting service Catalina
2011-5-16 13:30:42 org.apache.catalina.core.StandardEngine start
信息: Starting Servlet Engine: Apache Tomcat/6.0.32
2011-5-16 13:30:42 org.apache.catalina.startup.HostConfig deployDescriptor
信息: Deploying configuration descriptor host-manager.xml
2011-5-16 13:30:43 org.apache.catalina.startup.HostConfig deployDescriptor
信息: Deploying configuration descriptor manager.xml
2011-5-16 13:30:43 org.apache.catalina.startup.HostConfig deployDirectory
信息: Deploying web application directory androidtest
2011-5-16 13:30:43 org.apache.catalina.startup.HostConfig deployDirectory
信息: Deploying web application directory docs
2011-5-16 13:30:43 org.apache.catalina.startup.HostConfig deployDirectory
信息: Deploying web application directory examples
2011-5-16 13:30:44 org.apache.catalina.startup.HostConfig deployDirectory
信息: Deploying web application directory ROOT
2011-5-16 13:30:44 org.apache.coyote.http11.Http11Protocol start
信息: Starting Coyote HTTP/1.1 on http-8080
2011-5-16 13:30:44 org.apache.jk.common.ChannelSocket init
信息: JK: ajp13 listening on /0.0.0.0:8009
2011-5-16 13:30:44 org.apache.jk.server.JkMain start
信息: Jk running ID=0 time=0/78  config=null
2011-5-16 13:30:44 org.apache.catalina.startup.Catalina start
信息: Server startup in 1553 ms
2011-5-16 14:46:29 org.apache.coyote.http11.Http11Protocol pause
信息: Pausing Coyote HTTP/1.1 on http-8080
