2013-12-10 11:04:23 org.apache.catalina.core.AprLifecycleListener init
信息: The APR based Apache Tomcat Native library which allows optimal performance in production environments was not found on the java.library.path: C:\Program Files\Java\jdk1.6.0_02\bin;.;C:\WINDOWS\Sun\Java\bin;C:\WINDOWS\system32;C:\WINDOWS;C:\Program Files\Java\jdk1.6.0_02\bin;C:\Program Files\Intel\iCLS Client\;C:\WINDOWS\system32;C:\WINDOWS;C:\WINDOWS\System32\Wbem;C:\Program Files\ATI Technologies\ATI.ACE\Core-Static;C:\Program Files\TortoiseSVN\bin;D:\软件\android-sdk-windows\tools
2013-12-10 11:04:24 org.apache.coyote.http11.Http11Protocol init
信息: Initializing Coyote HTTP/1.1 on http-8080
2013-12-10 11:04:24 org.apache.catalina.startup.Catalina load
信息: Initialization processed in 1292 ms
2013-12-10 11:04:25 org.apache.catalina.core.StandardService start
信息: Starting service Catalina
2013-12-10 11:04:25 org.apache.catalina.core.StandardEngine start
信息: Starting Servlet Engine: Apache Tomcat/6.0.32
2013-12-10 11:04:25 org.apache.catalina.startup.HostConfig deployDescriptor
信息: Deploying configuration descriptor host-manager.xml
2013-12-10 11:04:25 org.apache.catalina.startup.HostConfig deployDescriptor
信息: Deploying configuration descriptor manager.xml
2013-12-10 11:04:25 org.apache.catalina.startup.HostConfig deployDirectory
信息: Deploying web application directory docs
2013-12-10 11:04:25 org.apache.catalina.startup.HostConfig deployDirectory
信息: Deploying web application directory payServerDemo
2013-12-10 11:04:25 org.apache.catalina.startup.HostConfig deployDirectory
信息: Deploying web application directory ROOT
2013-12-10 11:04:25 org.apache.coyote.http11.Http11Protocol start
信息: Starting Coyote HTTP/1.1 on http-8080
2013-12-10 11:04:25 org.apache.jk.common.ChannelSocket init
信息: JK: ajp13 listening on /0.0.0.0:8009
2013-12-10 11:04:25 org.apache.jk.server.JkMain start
信息: Jk running ID=0 time=0/63  config=null
2013-12-10 11:04:25 org.apache.catalina.startup.Catalina start
信息: Server startup in 1063 ms
2013-12-10 11:05:02 org.apache.coyote.http11.Http11Protocol pause
信息: Pausing Coyote HTTP/1.1 on http-8080
2013-12-10 16:05:29 org.apache.catalina.core.AprLifecycleListener init
信息: The APR based Apache Tomcat Native library which allows optimal performance in production environments was not found on the java.library.path: C:\Program Files\Java\jdk1.6.0_02\bin;.;C:\WINDOWS\Sun\Java\bin;C:\WINDOWS\system32;C:\WINDOWS;C:\Program Files\Java\jdk1.6.0_02\bin;C:\Program Files\Intel\iCLS Client\;C:\WINDOWS\system32;C:\WINDOWS;C:\WINDOWS\System32\Wbem;C:\Program Files\ATI Technologies\ATI.ACE\Core-Static;C:\Program Files\TortoiseSVN\bin;D:\软件\android-sdk-windows\tools
2013-12-10 16:05:31 org.apache.coyote.http11.Http11Protocol init
信息: Initializing Coyote HTTP/1.1 on http-8080
2013-12-10 16:05:31 org.apache.catalina.startup.Catalina load
信息: Initialization processed in 2564 ms
2013-12-10 16:05:31 org.apache.catalina.core.StandardService start
信息: Starting service Catalina
2013-12-10 16:05:31 org.apache.catalina.core.StandardEngine start
信息: Starting Servlet Engine: Apache Tomcat/6.0.32
2013-12-10 16:05:31 org.apache.catalina.startup.HostConfig deployDescriptor
信息: Deploying configuration descriptor host-manager.xml
2013-12-10 16:05:32 org.apache.catalina.startup.HostConfig deployDescriptor
信息: Deploying configuration descriptor manager.xml
2013-12-10 16:05:32 org.apache.catalina.startup.HostConfig deployDirectory
信息: Deploying web application directory docs
2013-12-10 16:05:32 org.apache.catalina.startup.HostConfig deployDirectory
信息: Deploying web application directory payServerDemo
2013-12-10 16:05:32 org.apache.catalina.startup.HostConfig deployDirectory
信息: Deploying web application directory ROOT
2013-12-10 16:05:32 org.apache.coyote.http11.Http11Protocol start
信息: Starting Coyote HTTP/1.1 on http-8080
2013-12-10 16:05:32 org.apache.jk.common.ChannelSocket init
信息: JK: ajp13 listening on /0.0.0.0:8009
2013-12-10 16:05:32 org.apache.jk.server.JkMain start
信息: Jk running ID=0 time=0/63  config=null
2013-12-10 16:05:32 org.apache.catalina.startup.Catalina start
信息: Server startup in 1196 ms
2013-12-10 16:09:47 org.apache.coyote.http11.Http11Protocol pause
信息: Pausing Coyote HTTP/1.1 on http-8080
2013-12-10 18:51:12 org.apache.catalina.core.AprLifecycleListener init
信息: The APR based Apache Tomcat Native library which allows optimal performance in production environments was not found on the java.library.path: C:\Program Files\Java\jdk1.6.0_02\bin;.;C:\WINDOWS\Sun\Java\bin;C:\WINDOWS\system32;C:\WINDOWS;C:\Program Files\Java\jdk1.6.0_02\bin;C:\Program Files\Intel\iCLS Client\;C:\WINDOWS\system32;C:\WINDOWS;C:\WINDOWS\System32\Wbem;C:\Program Files\ATI Technologies\ATI.ACE\Core-Static;C:\Program Files\TortoiseSVN\bin;D:\软件\android-sdk-windows\tools
2013-12-10 18:51:13 org.apache.coyote.http11.Http11Protocol init
信息: Initializing Coyote HTTP/1.1 on http-8080
2013-12-10 18:51:13 org.apache.catalina.startup.Catalina load
信息: Initialization processed in 1229 ms
2013-12-10 18:51:13 org.apache.catalina.core.StandardService start
信息: Starting service Catalina
2013-12-10 18:51:13 org.apache.catalina.core.StandardEngine start
信息: Starting Servlet Engine: Apache Tomcat/6.0.32
2013-12-10 18:51:13 org.apache.catalina.startup.HostConfig deployDescriptor
信息: Deploying configuration descriptor host-manager.xml
2013-12-10 18:51:13 org.apache.catalina.startup.HostConfig deployDescriptor
信息: Deploying configuration descriptor manager.xml
2013-12-10 18:51:14 org.apache.catalina.startup.HostConfig deployDirectory
信息: Deploying web application directory docs
2013-12-10 18:51:14 org.apache.catalina.startup.HostConfig deployDirectory
信息: Deploying web application directory payServerDemo
2013-12-10 18:51:14 org.apache.catalina.startup.HostConfig deployDirectory
信息: Deploying web application directory ROOT
2013-12-10 18:51:14 org.apache.coyote.http11.Http11Protocol start
信息: Starting Coyote HTTP/1.1 on http-8080
2013-12-10 18:51:14 org.apache.jk.common.ChannelSocket init
信息: JK: ajp13 listening on /0.0.0.0:8009
2013-12-10 18:51:14 org.apache.jk.server.JkMain start
信息: Jk running ID=0 time=0/31  config=null
2013-12-10 18:51:14 org.apache.catalina.startup.Catalina start
信息: Server startup in 748 ms
2013-12-10 20:14:41 org.apache.coyote.http11.Http11Protocol pause
信息: Pausing Coyote HTTP/1.1 on http-8080
