2011-04-21 10:14:55,725 ERROR [org.jasig.cas.client.validation.Cas20ServiceTicketValidator] - javax.net.ssl.SSLHandshakeException: sun.security.validator.ValidatorException: PKIX path building failed: sun.security.provider.certpath.SunCertPathBuilderException: unable to find valid certification path to requested target
javax.net.ssl.SSLHandshakeException: sun.security.validator.ValidatorException: PKIX path building failed: sun.security.provider.certpath.SunCertPathBuilderException: unable to find valid certification path to requested target
	at com.sun.net.ssl.internal.ssl.Alerts.getSSLException(Alerts.java:174)
	at com.sun.net.ssl.internal.ssl.SSLSocketImpl.fatal(SSLSocketImpl.java:1611)
	at com.sun.net.ssl.internal.ssl.Handshaker.fatalSE(Handshaker.java:187)
	at com.sun.net.ssl.internal.ssl.Handshaker.fatalSE(Handshaker.java:181)
	at com.sun.net.ssl.internal.ssl.ClientHandshaker.serverCertificate(ClientHandshaker.java:1035)
	at com.sun.net.ssl.internal.ssl.ClientHandshaker.processMessage(ClientHandshaker.java:124)
	at com.sun.net.ssl.internal.ssl.Handshaker.processLoop(Handshaker.java:516)
	at com.sun.net.ssl.internal.ssl.Handshaker.process_record(Handshaker.java:454)
	at com.sun.net.ssl.internal.ssl.SSLSocketImpl.readRecord(SSLSocketImpl.java:884)
	at com.sun.net.ssl.internal.ssl.SSLSocketImpl.performInitialHandshake(SSLSocketImpl.java:1112)
	at com.sun.net.ssl.internal.ssl.SSLSocketImpl.startHandshake(SSLSocketImpl.java:1139)
	at com.sun.net.ssl.internal.ssl.SSLSocketImpl.startHandshake(SSLSocketImpl.java:1123)
	at sun.net.www.protocol.https.HttpsClient.afterConnect(HttpsClient.java:434)
	at sun.net.www.protocol.https.AbstractDelegateHttpsURLConnection.connect(AbstractDelegateHttpsURLConnection.java:166)
	at sun.net.www.protocol.http.HttpURLConnection.getInputStream(HttpURLConnection.java:1049)
	at sun.net.www.protocol.https.HttpsURLConnectionImpl.getInputStream(HttpsURLConnectionImpl.java:234)
	at org.jasig.cas.client.validation.AbstractCasProtocolUrlBasedTicketValidator.retrieveResponseFromServer(AbstractCasProtocolUrlBasedTicketValidator.java:35)
	at org.jasig.cas.client.validation.AbstractUrlBasedTicketValidator.validate(AbstractUrlBasedTicketValidator.java:178)
	at org.jasig.cas.client.validation.AbstractTicketValidationFilter.doFilter(AbstractTicketValidationFilter.java:132)
	at org.apache.catalina.core.ApplicationFilterChain.internalDoFilter(ApplicationFilterChain.java:235)
	at org.apache.catalina.core.ApplicationFilterChain.doFilter(ApplicationFilterChain.java:206)
	at org.jasig.cas.client.authentication.AuthenticationFilter.doFilter(AuthenticationFilter.java:111)
	at org.apache.catalina.core.ApplicationFilterChain.internalDoFilter(ApplicationFilterChain.java:235)
	at org.apache.catalina.core.ApplicationFilterChain.doFilter(ApplicationFilterChain.java:206)
	at org.springframework.web.filter.CharacterEncodingFilter.doFilterInternal(CharacterEncodingFilter.java:96)
	at org.springframework.web.filter.OncePerRequestFilter.doFilter(OncePerRequestFilter.java:76)
	at org.apache.catalina.core.ApplicationFilterChain.internalDoFilter(ApplicationFilterChain.java:235)
	at org.apache.catalina.core.ApplicationFilterChain.doFilter(ApplicationFilterChain.java:206)
	at org.apache.catalina.core.StandardWrapperValve.invoke(StandardWrapperValve.java:233)
	at org.apache.catalina.core.StandardContextValve.invoke(StandardContextValve.java:191)
	at org.apache.catalina.core.StandardHostValve.invoke(StandardHostValve.java:127)
	at org.apache.catalina.valves.ErrorReportValve.invoke(ErrorReportValve.java:102)
	at org.apache.catalina.core.StandardEngineValve.invoke(StandardEngineValve.java:109)
	at org.apache.catalina.connector.CoyoteAdapter.service(CoyoteAdapter.java:298)
	at org.apache.coyote.http11.Http11Processor.process(Http11Processor.java:859)
	at org.apache.coyote.http11.Http11Protocol$Http11ConnectionHandler.process(Http11Protocol.java:588)
	at org.apache.tomcat.util.net.JIoEndpoint$Worker.run(JIoEndpoint.java:489)
	at java.lang.Thread.run(Thread.java:619)
Caused by: sun.security.validator.ValidatorException: PKIX path building failed: sun.security.provider.certpath.SunCertPathBuilderException: unable to find valid certification path to requested target
	at sun.security.validator.PKIXValidator.doBuild(PKIXValidator.java:285)
	at sun.security.validator.PKIXValidator.engineValidate(PKIXValidator.java:191)
	at sun.security.validator.Validator.validate(Validator.java:218)
	at com.sun.net.ssl.internal.ssl.X509TrustManagerImpl.validate(X509TrustManagerImpl.java:126)
	at com.sun.net.ssl.internal.ssl.X509TrustManagerImpl.checkServerTrusted(X509TrustManagerImpl.java:209)
	at com.sun.net.ssl.internal.ssl.X509TrustManagerImpl.checkServerTrusted(X509TrustManagerImpl.java:249)
	at com.sun.net.ssl.internal.ssl.ClientHandshaker.serverCertificate(ClientHandshaker.java:1014)
	... 33 more
Caused by: sun.security.provider.certpath.SunCertPathBuilderException: unable to find valid certification path to requested target
	at sun.security.provider.certpath.SunCertPathBuilder.engineBuild(SunCertPathBuilder.java:174)
	at java.security.cert.CertPathBuilder.build(CertPathBuilder.java:238)
	at sun.security.validator.PKIXValidator.doBuild(PKIXValidator.java:280)
	... 39 more
2011-04-21 10:19:52,051 ERROR [org.jasig.cas.client.validation.Cas20ServiceTicketValidator] - javax.net.ssl.SSLHandshakeException: sun.security.validator.ValidatorException: PKIX path building failed: sun.security.provider.certpath.SunCertPathBuilderException: unable to find valid certification path to requested target
javax.net.ssl.SSLHandshakeException: sun.security.validator.ValidatorException: PKIX path building failed: sun.security.provider.certpath.SunCertPathBuilderException: unable to find valid certification path to requested target
	at com.sun.net.ssl.internal.ssl.Alerts.getSSLException(Alerts.java:174)
	at com.sun.net.ssl.internal.ssl.SSLSocketImpl.fatal(SSLSocketImpl.java:1611)
	at com.sun.net.ssl.internal.ssl.Handshaker.fatalSE(Handshaker.java:187)
	at com.sun.net.ssl.internal.ssl.Handshaker.fatalSE(Handshaker.java:181)
	at com.sun.net.ssl.internal.ssl.ClientHandshaker.serverCertificate(ClientHandshaker.java:1035)
	at com.sun.net.ssl.internal.ssl.ClientHandshaker.processMessage(ClientHandshaker.java:124)
	at com.sun.net.ssl.internal.ssl.Handshaker.processLoop(Handshaker.java:516)
	at com.sun.net.ssl.internal.ssl.Handshaker.process_record(Handshaker.java:454)
	at com.sun.net.ssl.internal.ssl.SSLSocketImpl.readRecord(SSLSocketImpl.java:884)
	at com.sun.net.ssl.internal.ssl.SSLSocketImpl.performInitialHandshake(SSLSocketImpl.java:1112)
	at com.sun.net.ssl.internal.ssl.SSLSocketImpl.startHandshake(SSLSocketImpl.java:1139)
	at com.sun.net.ssl.internal.ssl.SSLSocketImpl.startHandshake(SSLSocketImpl.java:1123)
	at sun.net.www.protocol.https.HttpsClient.afterConnect(HttpsClient.java:434)
	at sun.net.www.protocol.https.AbstractDelegateHttpsURLConnection.connect(AbstractDelegateHttpsURLConnection.java:166)
	at sun.net.www.protocol.http.HttpURLConnection.getInputStream(HttpURLConnection.java:1049)
	at sun.net.www.protocol.https.HttpsURLConnectionImpl.getInputStream(HttpsURLConnectionImpl.java:234)
	at org.jasig.cas.client.validation.AbstractCasProtocolUrlBasedTicketValidator.retrieveResponseFromServer(AbstractCasProtocolUrlBasedTicketValidator.java:35)
	at org.jasig.cas.client.validation.AbstractUrlBasedTicketValidator.validate(AbstractUrlBasedTicketValidator.java:178)
	at org.jasig.cas.client.validation.AbstractTicketValidationFilter.doFilter(AbstractTicketValidationFilter.java:132)
	at org.apache.catalina.core.ApplicationFilterChain.internalDoFilter(ApplicationFilterChain.java:235)
	at org.apache.catalina.core.ApplicationFilterChain.doFilter(ApplicationFilterChain.java:206)
	at org.jasig.cas.client.authentication.AuthenticationFilter.doFilter(AuthenticationFilter.java:111)
	at org.apache.catalina.core.ApplicationFilterChain.internalDoFilter(ApplicationFilterChain.java:235)
	at org.apache.catalina.core.ApplicationFilterChain.doFilter(ApplicationFilterChain.java:206)
	at org.springframework.web.filter.CharacterEncodingFilter.doFilterInternal(CharacterEncodingFilter.java:96)
	at org.springframework.web.filter.OncePerRequestFilter.doFilter(OncePerRequestFilter.java:76)
	at org.apache.catalina.core.ApplicationFilterChain.internalDoFilter(ApplicationFilterChain.java:235)
	at org.apache.catalina.core.ApplicationFilterChain.doFilter(ApplicationFilterChain.java:206)
	at org.apache.catalina.core.StandardWrapperValve.invoke(StandardWrapperValve.java:233)
	at org.apache.catalina.core.StandardContextValve.invoke(StandardContextValve.java:191)
	at org.apache.catalina.core.StandardHostValve.invoke(StandardHostValve.java:127)
	at org.apache.catalina.valves.ErrorReportValve.invoke(ErrorReportValve.java:102)
	at org.apache.catalina.core.StandardEngineValve.invoke(StandardEngineValve.java:109)
	at org.apache.catalina.connector.CoyoteAdapter.service(CoyoteAdapter.java:298)
	at org.apache.coyote.http11.Http11Processor.process(Http11Processor.java:859)
	at org.apache.coyote.http11.Http11Protocol$Http11ConnectionHandler.process(Http11Protocol.java:588)
	at org.apache.tomcat.util.net.JIoEndpoint$Worker.run(JIoEndpoint.java:489)
	at java.lang.Thread.run(Thread.java:619)
Caused by: sun.security.validator.ValidatorException: PKIX path building failed: sun.security.provider.certpath.SunCertPathBuilderException: unable to find valid certification path to requested target
	at sun.security.validator.PKIXValidator.doBuild(PKIXValidator.java:285)
	at sun.security.validator.PKIXValidator.engineValidate(PKIXValidator.java:191)
	at sun.security.validator.Validator.validate(Validator.java:218)
	at com.sun.net.ssl.internal.ssl.X509TrustManagerImpl.validate(X509TrustManagerImpl.java:126)
	at com.sun.net.ssl.internal.ssl.X509TrustManagerImpl.checkServerTrusted(X509TrustManagerImpl.java:209)
	at com.sun.net.ssl.internal.ssl.X509TrustManagerImpl.checkServerTrusted(X509TrustManagerImpl.java:249)
	at com.sun.net.ssl.internal.ssl.ClientHandshaker.serverCertificate(ClientHandshaker.java:1014)
	... 33 more
Caused by: sun.security.provider.certpath.SunCertPathBuilderException: unable to find valid certification path to requested target
	at sun.security.provider.certpath.SunCertPathBuilder.engineBuild(SunCertPathBuilder.java:174)
	at java.security.cert.CertPathBuilder.build(CertPathBuilder.java:238)
	at sun.security.validator.PKIXValidator.doBuild(PKIXValidator.java:280)
	... 39 more
2011-05-06 09:58:57,810 ERROR [com.skymobi.admin.action.ConfigAction] - 
com.google.gson.JsonParseException: The JsonDeserializer StringTypeAdapter failed to deserialized json object {"cardIndex":10,"title":"神州行卡","desc":"<%1/255000000%>请正确选择卡面额，否则会充值失败，且该充值卡作废！<%2%>\n请使用中国移动手机充值卡（<%1/255000000%>支持<%2%>全国移动充值卡，浙江、辽宁、江苏、福建、广东移动充值卡）","constraints":[{"numLen":0,"pwdLen":0}],"amountItems":[100,50,30,20,10],"carTypeItems":[10],"kItems":[10000,5000,3000,2000,1000],"commitTip":"$userName,您的充值请求已提交，如果面额、卡号和密码<%1/255000000%>正确有效<%2%>，充值到账一般只需1-3分钟(有时时间会稍长，请耐心等待)。\n如有疑问，请致电充值客服专线：0571-87966766","enterType":0,"type":"szx","defaultAmount":0,"useDefaultAmount":true,"tipMap":{"tip1":"<%1/255000000%>请正确选择卡面额，否则会充值失败，且该充值卡作废！<%2%>\n请使用中国移动手机充值卡（<%1/255000000%>支持<%2%>全国移动充值卡，浙江、辽宁、江苏、福建、广东移动充值卡）","tip2":"请仔细<%1/255000000%>核对<%2%><%1/255153000%>面额<%2%>，<%1/255153000%>卡号<%2%>和<%1/255153000%>密码<%2%>，以免造成充值失败或充值卡作废！\n已充值的<%1/255000000%>废卡<%2%>，<%1/255000000%>无法再次充值<%2%>！"},"children":[],"needAmount":true,"exchangeRate":100} given the type class java.lang.String
	at com.google.gson.JsonDeserializerExceptionWrapper.deserialize(JsonDeserializerExceptionWrapper.java:63)
	at com.google.gson.JsonDeserializationVisitor.invokeCustomDeserializer(JsonDeserializationVisitor.java:88)
	at com.google.gson.JsonDeserializationVisitor.visitUsingCustomHandler(JsonDeserializationVisitor.java:76)
	at com.google.gson.ObjectNavigator.accept(ObjectNavigator.java:98)
	at com.google.gson.JsonDeserializationContextDefault.fromJsonObject(JsonDeserializationContextDefault.java:73)
	at com.google.gson.JsonDeserializationContextDefault.deserialize(JsonDeserializationContextDefault.java:51)
	at com.google.gson.DefaultTypeAdapters$CollectionTypeAdapter.deserialize(DefaultTypeAdapters.java:472)
	at com.google.gson.DefaultTypeAdapters$CollectionTypeAdapter.deserialize(DefaultTypeAdapters.java:435)
	at com.google.gson.JsonDeserializerExceptionWrapper.deserialize(JsonDeserializerExceptionWrapper.java:50)
	at com.google.gson.JsonDeserializationVisitor.invokeCustomDeserializer(JsonDeserializationVisitor.java:88)
	at com.google.gson.JsonDeserializationVisitor.visitUsingCustomHandler(JsonDeserializationVisitor.java:76)
	at com.google.gson.ObjectNavigator.accept(ObjectNavigator.java:98)
	at com.google.gson.JsonDeserializationContextDefault.fromJsonArray(JsonDeserializationContextDefault.java:64)
	at com.google.gson.JsonDeserializationContextDefault.deserialize(JsonDeserializationContextDefault.java:49)
	at com.google.gson.Gson.fromJson(Gson.java:495)
	at com.google.gson.Gson.fromJson(Gson.java:444)
	at com.google.gson.Gson.fromJson(Gson.java:396)
	at com.skymobi.pay.config.service.ConfigService.findList(ConfigService.java:51)
	at com.skymobi.pay.config.service.GridConfigService.findGridsByKey(GridConfigService.java:48)
	at com.skymobi.admin.action.ConfigAction.queryMain(ConfigAction.java:82)
	at sun.reflect.NativeMethodAccessorImpl.invoke0(Native Method)
	at sun.reflect.NativeMethodAccessorImpl.invoke(NativeMethodAccessorImpl.java:39)
	at sun.reflect.DelegatingMethodAccessorImpl.invoke(DelegatingMethodAccessorImpl.java:25)
	at java.lang.reflect.Method.invoke(Method.java:597)
	at org.springframework.web.bind.annotation.support.HandlerMethodInvoker.doInvokeMethod(HandlerMethodInvoker.java:421)
	at org.springframework.web.bind.annotation.support.HandlerMethodInvoker.invokeHandlerMethod(HandlerMethodInvoker.java:136)
	at org.springframework.web.servlet.mvc.annotation.AnnotationMethodHandlerAdapter.invokeHandlerMethod(AnnotationMethodHandlerAdapter.java:326)
	at org.springframework.web.servlet.mvc.annotation.AnnotationMethodHandlerAdapter.handle(AnnotationMethodHandlerAdapter.java:313)
	at org.springframework.web.servlet.DispatcherServlet.doDispatch(DispatcherServlet.java:875)
	at org.springframework.web.servlet.DispatcherServlet.doService(DispatcherServlet.java:807)
	at org.springframework.web.servlet.FrameworkServlet.processRequest(FrameworkServlet.java:571)
	at org.springframework.web.servlet.FrameworkServlet.doGet(FrameworkServlet.java:501)
	at javax.servlet.http.HttpServlet.service(HttpServlet.java:617)
	at javax.servlet.http.HttpServlet.service(HttpServlet.java:717)
	at org.apache.catalina.core.ApplicationFilterChain.internalDoFilter(ApplicationFilterChain.java:290)
	at org.apache.catalina.core.ApplicationFilterChain.doFilter(ApplicationFilterChain.java:206)
	at oms.security.filter.OmsSecurityFilter.doFilter(OmsSecurityFilter.java:261)
	at org.apache.catalina.core.ApplicationFilterChain.internalDoFilter(ApplicationFilterChain.java:235)
	at org.apache.catalina.core.ApplicationFilterChain.doFilter(ApplicationFilterChain.java:206)
	at org.jasig.cas.client.util.HttpServletRequestWrapperFilter.doFilter(HttpServletRequestWrapperFilter.java:50)
	at org.apache.catalina.core.ApplicationFilterChain.internalDoFilter(ApplicationFilterChain.java:235)
	at org.apache.catalina.core.ApplicationFilterChain.doFilter(ApplicationFilterChain.java:206)
	at org.jasig.cas.client.validation.AbstractTicketValidationFilter.doFilter(AbstractTicketValidationFilter.java:167)
	at org.apache.catalina.core.ApplicationFilterChain.internalDoFilter(ApplicationFilterChain.java:235)
	at org.apache.catalina.core.ApplicationFilterChain.doFilter(ApplicationFilterChain.java:206)
	at org.jasig.cas.client.authentication.AuthenticationFilter.doFilter(AuthenticationFilter.java:111)
	at org.apache.catalina.core.ApplicationFilterChain.internalDoFilter(ApplicationFilterChain.java:235)
	at org.apache.catalina.core.ApplicationFilterChain.doFilter(ApplicationFilterChain.java:206)
	at org.springframework.web.filter.CharacterEncodingFilter.doFilterInternal(CharacterEncodingFilter.java:96)
	at org.springframework.web.filter.OncePerRequestFilter.doFilter(OncePerRequestFilter.java:76)
	at org.apache.catalina.core.ApplicationFilterChain.internalDoFilter(ApplicationFilterChain.java:235)
	at org.apache.catalina.core.ApplicationFilterChain.doFilter(ApplicationFilterChain.java:206)
	at org.apache.catalina.core.StandardWrapperValve.invoke(StandardWrapperValve.java:233)
	at org.apache.catalina.core.StandardContextValve.invoke(StandardContextValve.java:191)
	at org.apache.catalina.core.StandardHostValve.invoke(StandardHostValve.java:127)
	at org.apache.catalina.valves.ErrorReportValve.invoke(ErrorReportValve.java:102)
	at org.apache.catalina.core.StandardEngineValve.invoke(StandardEngineValve.java:109)
	at org.apache.catalina.connector.CoyoteAdapter.service(CoyoteAdapter.java:298)
	at org.apache.coyote.http11.Http11Processor.process(Http11Processor.java:859)
	at org.apache.coyote.http11.Http11Protocol$Http11ConnectionHandler.process(Http11Protocol.java:588)
	at org.apache.tomcat.util.net.JIoEndpoint$Worker.run(JIoEndpoint.java:489)
	at java.lang.Thread.run(Thread.java:619)
Caused by: java.lang.UnsupportedOperationException
	at com.google.gson.JsonElement.getAsString(JsonElement.java:188)
	at com.google.gson.DefaultTypeAdapters$StringTypeAdapter.deserialize(DefaultTypeAdapters.java:772)
	at com.google.gson.DefaultTypeAdapters$StringTypeAdapter.deserialize(DefaultTypeAdapters.java:764)
	at com.google.gson.JsonDeserializerExceptionWrapper.deserialize(JsonDeserializerExceptionWrapper.java:50)
	... 61 more
