2013-12-10 18:51:26 org.apache.catalina.core.StandardWrapperValve invoke
ÑÏÖØ: Servlet.service() for servlet jsp threw exception
org.apache.jasper.JasperException: Unable to compile class for JSP: 

An error occurred at line: 125 in the jsp file: /order.jsp
paymethod cannot be resolved
122: 													
123: 		
124: 
125:         if("sms".equals(paymethod)) {     
126: 		 //payPointNumçš„å?ä¸ºæ•´æ•°ï¼Œè¦å’Œç”³è¯·xmlè¡¨é‡Œè®¡è´¹ç‚¹ç¼–å·ç›¸å¯¹åº”
127: 		String payPointNum = PAYPOINTNUM;
128: 		//GAMETYPEï¼?0ï¼šå•æœ?  1ï¼šè”ç½?   2ï¼šå¼±è”ç½‘


An error occurred at line: 127 in the jsp file: /order.jsp
PAYPOINTNUM cannot be resolved
124: 
125:         if("sms".equals(paymethod)) {     
126: 		 //payPointNumçš„å?ä¸ºæ•´æ•°ï¼Œè¦å’Œç”³è¯·xmlè¡¨é‡Œè®¡è´¹ç‚¹ç¼–å·ç›¸å¯¹åº”
127: 		String payPointNum = PAYPOINTNUM;
128: 		//GAMETYPEï¼?0ï¼šå•æœ?  1ï¼šè”ç½?   2ï¼šå¼±è”ç½‘
129: 		String gameType = GAMETYPE;
130: 


An error occurred at line: 129 in the jsp file: /order.jsp
Duplicate local variable gameType
126: 		 //payPointNumçš„å?ä¸ºæ•´æ•°ï¼Œè¦å’Œç”³è¯·xmlè¡¨é‡Œè®¡è´¹ç‚¹ç¼–å·ç›¸å¯¹åº”
127: 		String payPointNum = PAYPOINTNUM;
128: 		//GAMETYPEï¼?0ï¼šå•æœ?  1ï¼šè”ç½?   2ï¼šå¼±è”ç½‘
129: 		String gameType = GAMETYPE;
130: 
131: 		//çŸ­ä¿¡æ”¯ä»˜æè¿°ï¼ŒorderDescé‡Œå¿…é¡»æŠŠä»·æ ¼å†™æˆN.NN ä¸éœ€è¦å†™æˆæ•°å­—ã?åœ¨æ˜¾ç¤ºæ—¶ä¼šè‡ªåŠ¨è¢«priceæ›¿æ¢æ?
132: 		orderDesc = "æµç•…çš„æ“ä½œä½“éªŒï¼ŒåŠ²çˆ†çš„è¶…æ§æ?èƒ½ï¼Œæ— ä¸ä¼¦æ¯”çš„è¶…çº§å¿…æ?¼ŒåŒ–èº«æ–©å¦–é™¤é­”çš„è‹±é›„ï¼Œå¼?¯ä½ ä¸å¹³å‡¡çš„æ¸¸æˆäººç”Ÿï¼ï¼éœ€èŠ±è´¹N.NNå…ƒã?";


An error occurred at line: 129 in the jsp file: /order.jsp
GAMETYPE cannot be resolved
126: 		 //payPointNumçš„å?ä¸ºæ•´æ•°ï¼Œè¦å’Œç”³è¯·xmlè¡¨é‡Œè®¡è´¹ç‚¹ç¼–å·ç›¸å¯¹åº”
127: 		String payPointNum = PAYPOINTNUM;
128: 		//GAMETYPEï¼?0ï¼šå•æœ?  1ï¼šè”ç½?   2ï¼šå¼±è”ç½‘
129: 		String gameType = GAMETYPE;
130: 
131: 		//çŸ­ä¿¡æ”¯ä»˜æè¿°ï¼ŒorderDescé‡Œå¿…é¡»æŠŠä»·æ ¼å†™æˆN.NN ä¸éœ€è¦å†™æˆæ•°å­—ã?åœ¨æ˜¾ç¤ºæ—¶ä¼šè‡ªåŠ¨è¢«priceæ›¿æ¢æ?
132: 		orderDesc = "æµç•…çš„æ“ä½œä½“éªŒï¼ŒåŠ²çˆ†çš„è¶…æ§æ?èƒ½ï¼Œæ— ä¸ä¼¦æ¯”çš„è¶…çº§å¿…æ?¼ŒåŒ–èº«æ–©å¦–é™¤é­”çš„è‹±é›„ï¼Œå¼?¯ä½ ä¸å¹³å‡¡çš„æ¸¸æˆäººç”Ÿï¼ï¼éœ€èŠ±è´¹N.NNå…ƒã?";


An error occurred at line: 134 in the jsp file: /order.jsp
Syntax error on token ";", assert expected after this token
131: 		//çŸ­ä¿¡æ”¯ä»˜æè¿°ï¼ŒorderDescé‡Œå¿…é¡»æŠŠä»·æ ¼å†™æˆN.NN ä¸éœ€è¦å†™æˆæ•°å­—ã?åœ¨æ˜¾ç¤ºæ—¶ä¼šè‡ªåŠ¨è¢«priceæ›¿æ¢æ?
132: 		orderDesc = "æµç•…çš„æ“ä½œä½“éªŒï¼ŒåŠ²çˆ†çš„è¶…æ§æ?èƒ½ï¼Œæ— ä¸ä¼¦æ¯”çš„è¶…çº§å¿…æ?¼ŒåŒ–èº«æ–©å¦–é™¤é­”çš„è‹±é›„ï¼Œå¼?¯ä½ ä¸å¹³å‡¡çš„æ¸¸æˆäººç”Ÿï¼ï¼éœ€èŠ±è´¹N.NNå…ƒã?";
133: 		orderInfo=orderInfo
134: 			+ "&payPointNum=" + payPointNum;
135: 			+ "&gameType=" + gameType;
136: 			+ "&orderDesc=" + orderDesc;
137: 		}


An error occurred at line: 135 in the jsp file: /order.jsp
The operator + is undefined for the argument type(s) String
132: 		orderDesc = "æµç•…çš„æ“ä½œä½“éªŒï¼ŒåŠ²çˆ†çš„è¶…æ§æ?èƒ½ï¼Œæ— ä¸ä¼¦æ¯”çš„è¶…çº§å¿…æ?¼ŒåŒ–èº«æ–©å¦–é™¤é­”çš„è‹±é›„ï¼Œå¼?¯ä½ ä¸å¹³å‡¡çš„æ¸¸æˆäººç”Ÿï¼ï¼éœ€èŠ±è´¹N.NNå…ƒã?";
133: 		orderInfo=orderInfo
134: 			+ "&payPointNum=" + payPointNum;
135: 			+ "&gameType=" + gameType;
136: 			+ "&orderDesc=" + orderDesc;
137: 		}
138: 		elsi if("3rd".equals(paymethod))


An error occurred at line: 135 in the jsp file: /order.jsp
Syntax error on token ";", : expected
132: 		orderDesc = "æµç•…çš„æ“ä½œä½“éªŒï¼ŒåŠ²çˆ†çš„è¶…æ§æ?èƒ½ï¼Œæ— ä¸ä¼¦æ¯”çš„è¶…çº§å¿…æ?¼ŒåŒ–èº«æ–©å¦–é™¤é­”çš„è‹±é›„ï¼Œå¼?¯ä½ ä¸å¹³å‡¡çš„æ¸¸æˆäººç”Ÿï¼ï¼éœ€èŠ±è´¹N.NNå…ƒã?";
133: 		orderInfo=orderInfo
134: 			+ "&payPointNum=" + payPointNum;
135: 			+ "&gameType=" + gameType;
136: 			+ "&orderDesc=" + orderDesc;
137: 		}
138: 		elsi if("3rd".equals(paymethod))


An error occurred at line: 136 in the jsp file: /order.jsp
The operator + is undefined for the argument type(s) String
133: 		orderInfo=orderInfo
134: 			+ "&payPointNum=" + payPointNum;
135: 			+ "&gameType=" + gameType;
136: 			+ "&orderDesc=" + orderDesc;
137: 		}
138: 		elsi if("3rd".equals(paymethod))
139: 		{


An error occurred at line: 138 in the jsp file: /order.jsp
Syntax error, insert "AssignmentOperator Expression" to complete Assignment
135: 			+ "&gameType=" + gameType;
136: 			+ "&orderDesc=" + orderDesc;
137: 		}
138: 		elsi if("3rd".equals(paymethod))
139: 		{
140: 			/*
141: 			 * ç¬¬ä¸‰æ–¹æ”¯ä»˜æè¿?


An error occurred at line: 138 in the jsp file: /order.jsp
Syntax error, insert ";" to complete Statement
135: 			+ "&gameType=" + gameType;
136: 			+ "&orderDesc=" + orderDesc;
137: 		}
138: 		elsi if("3rd".equals(paymethod))
139: 		{
140: 			/*
141: 			 * ç¬¬ä¸‰æ–¹æ”¯ä»˜æè¿?


An error occurred at line: 138 in the jsp file: /order.jsp
elsi cannot be resolved
135: 			+ "&gameType=" + gameType;
136: 			+ "&orderDesc=" + orderDesc;
137: 		}
138: 		elsi if("3rd".equals(paymethod))
139: 		{
140: 			/*
141: 			 * ç¬¬ä¸‰æ–¹æ”¯ä»˜æè¿?


An error occurred at line: 138 in the jsp file: /order.jsp
paymethod cannot be resolved
135: 			+ "&gameType=" + gameType;
136: 			+ "&orderDesc=" + orderDesc;
137: 		}
138: 		elsi if("3rd".equals(paymethod))
139: 		{
140: 			/*
141: 			 * ç¬¬ä¸‰æ–¹æ”¯ä»˜æè¿?


An error occurred at line: 145 in the jsp file: /order.jsp
mOrderInfo cannot be resolved
142: 			 * ç”¨äºä¸»å®«æ ¼æç¤ºç”¨æˆ?
143: 			 */
144: 			orderDesc = "ç¬¬ä¸‰æ–¹æ”¯ä»˜æè¿?;
145: 			mOrderInfo += "&" + ORDER_INFO_PRODUCT_NAME + "=" + "é‡‘è±†" + "&"
146: 			+ ORDER_INFO_ORDER_DESC + "=" + orderDesc;
147: 		orderInfo=orderInfo
148: 			+ "&orderDesc=" + orderDesc;


An error occurred at line: 145 in the jsp file: /order.jsp
ORDER_INFO_PRODUCT_NAME cannot be resolved
142: 			 * ç”¨äºä¸»å®«æ ¼æç¤ºç”¨æˆ?
143: 			 */
144: 			orderDesc = "ç¬¬ä¸‰æ–¹æ”¯ä»˜æè¿?;
145: 			mOrderInfo += "&" + ORDER_INFO_PRODUCT_NAME + "=" + "é‡‘è±†" + "&"
146: 			+ ORDER_INFO_ORDER_DESC + "=" + orderDesc;
147: 		orderInfo=orderInfo
148: 			+ "&orderDesc=" + orderDesc;


An error occurred at line: 146 in the jsp file: /order.jsp
ORDER_INFO_ORDER_DESC cannot be resolved
143: 			 */
144: 			orderDesc = "ç¬¬ä¸‰æ–¹æ”¯ä»˜æè¿?;
145: 			mOrderInfo += "&" + ORDER_INFO_PRODUCT_NAME + "=" + "é‡‘è±†" + "&"
146: 			+ ORDER_INFO_ORDER_DESC + "=" + orderDesc;
147: 		orderInfo=orderInfo
148: 			+ "&orderDesc=" + orderDesc;
149: 


Stacktrace:
	at org.apache.jasper.compiler.DefaultErrorHandler.javacError(DefaultErrorHandler.java:92)
	at org.apache.jasper.compiler.ErrorDispatcher.javacError(ErrorDispatcher.java:330)
	at org.apache.jasper.compiler.JDTCompiler.generateClass(JDTCompiler.java:439)
	at org.apache.jasper.compiler.Compiler.compile(Compiler.java:349)
	at org.apache.jasper.compiler.Compiler.compile(Compiler.java:327)
	at org.apache.jasper.compiler.Compiler.compile(Compiler.java:314)
	at org.apache.jasper.JspCompilationContext.compile(JspCompilationContext.java:592)
	at org.apache.jasper.servlet.JspServletWrapper.service(JspServletWrapper.java:326)
	at org.apache.jasper.servlet.JspServlet.serviceJspFile(JspServlet.java:313)
	at org.apache.jasper.servlet.JspServlet.service(JspServlet.java:260)
	at javax.servlet.http.HttpServlet.service(HttpServlet.java:717)
	at org.apache.catalina.core.ApplicationFilterChain.internalDoFilter(ApplicationFilterChain.java:290)
	at org.apache.catalina.core.ApplicationFilterChain.doFilter(ApplicationFilterChain.java:206)
	at org.apache.catalina.core.StandardWrapperValve.invoke(StandardWrapperValve.java:233)
	at org.apache.catalina.core.StandardContextValve.invoke(StandardContextValve.java:191)
	at org.apache.catalina.core.StandardHostValve.invoke(StandardHostValve.java:127)
	at org.apache.catalina.valves.ErrorReportValve.invoke(ErrorReportValve.java:102)
	at org.apache.catalina.core.StandardEngineValve.invoke(StandardEngineValve.java:109)
	at org.apache.catalina.connector.CoyoteAdapter.service(CoyoteAdapter.java:298)
	at org.apache.coyote.http11.Http11Processor.process(Http11Processor.java:859)
	at org.apache.coyote.http11.Http11Protocol$Http11ConnectionHandler.process(Http11Protocol.java:588)
	at org.apache.tomcat.util.net.JIoEndpoint$Worker.run(JIoEndpoint.java:489)
	at java.lang.Thread.run(Thread.java:619)
2013-12-10 19:00:18 org.apache.catalina.core.StandardWrapperValve invoke
ÑÏÖØ: Servlet.service() for servlet jsp threw exception
org.apache.jasper.JasperException: Unable to compile class for JSP: 

An error occurred at line: 132 in the jsp file: /order.jsp
Syntax error on token ";", assert expected after this token
129: 			orderDesc = "æµç•…çš„æ“ä½œä½“éªŒï¼ŒåŠ²çˆ†çš„è¶…æ§æ?èƒ½ï¼Œæ— ä¸ä¼¦æ¯”çš„è¶…çº§å¿…æ?¼ŒåŒ–èº«æ–©å¦–é™¤é­”çš„è‹±é›„ï¼Œå¼?¯ä½ ä¸å¹³å‡¡çš„æ¸¸æˆäººç”Ÿï¼ï¼éœ€èŠ±è´¹N.NNå…ƒã?";
130: 
131: 			orderInfo = orderInfo
132: 						+ "&payPointNum=" + payPointNum;
133: 						+ "&orderDesc=" + orderDesc;
134: 		}
135: 	


An error occurred at line: 133 in the jsp file: /order.jsp
The operator + is undefined for the argument type(s) String
130: 
131: 			orderInfo = orderInfo
132: 						+ "&payPointNum=" + payPointNum;
133: 						+ "&orderDesc=" + orderDesc;
134: 		}
135: 	
136: 			System.out.println("è®¢å•æ•°æ®ï¼? + orderInfo);										


Stacktrace:
	at org.apache.jasper.compiler.DefaultErrorHandler.javacError(DefaultErrorHandler.java:92)
	at org.apache.jasper.compiler.ErrorDispatcher.javacError(ErrorDispatcher.java:330)
	at org.apache.jasper.compiler.JDTCompiler.generateClass(JDTCompiler.java:439)
	at org.apache.jasper.compiler.Compiler.compile(Compiler.java:349)
	at org.apache.jasper.compiler.Compiler.compile(Compiler.java:327)
	at org.apache.jasper.compiler.Compiler.compile(Compiler.java:314)
	at org.apache.jasper.JspCompilationContext.compile(JspCompilationContext.java:592)
	at org.apache.jasper.servlet.JspServletWrapper.service(JspServletWrapper.java:326)
	at org.apache.jasper.servlet.JspServlet.serviceJspFile(JspServlet.java:313)
	at org.apache.jasper.servlet.JspServlet.service(JspServlet.java:260)
	at javax.servlet.http.HttpServlet.service(HttpServlet.java:717)
	at org.apache.catalina.core.ApplicationFilterChain.internalDoFilter(ApplicationFilterChain.java:290)
	at org.apache.catalina.core.ApplicationFilterChain.doFilter(ApplicationFilterChain.java:206)
	at org.apache.catalina.core.StandardWrapperValve.invoke(StandardWrapperValve.java:233)
	at org.apache.catalina.core.StandardContextValve.invoke(StandardContextValve.java:191)
	at org.apache.catalina.core.StandardHostValve.invoke(StandardHostValve.java:127)
	at org.apache.catalina.valves.ErrorReportValve.invoke(ErrorReportValve.java:102)
	at org.apache.catalina.core.StandardEngineValve.invoke(StandardEngineValve.java:109)
	at org.apache.catalina.connector.CoyoteAdapter.service(CoyoteAdapter.java:298)
	at org.apache.coyote.http11.Http11Processor.process(Http11Processor.java:859)
	at org.apache.coyote.http11.Http11Protocol$Http11ConnectionHandler.process(Http11Protocol.java:588)
	at org.apache.tomcat.util.net.JIoEndpoint$Worker.run(JIoEndpoint.java:489)
	at java.lang.Thread.run(Thread.java:619)
2013-12-10 19:01:17 org.apache.catalina.core.StandardWrapperValve invoke
ÑÏÖØ: Servlet.service() for servlet jsp threw exception
org.apache.jasper.JasperException: Unable to compile class for JSP: 

An error occurred at line: 131 in the jsp file: /order.jsp
Syntax error on token ";", assert expected after this token
128: 			String orderDesc = "æµç•…çš„æ“ä½œä½“éªŒï¼ŒåŠ²çˆ†çš„è¶…æ§æ?èƒ½ï¼Œæ— ä¸ä¼¦æ¯”çš„è¶…çº§å¿…æ?¼ŒåŒ–èº«æ–©å¦–é™¤é­”çš„è‹±é›„ï¼Œå¼?¯ä½ ä¸å¹³å‡¡çš„æ¸¸æˆäººç”Ÿï¼ï¼éœ€èŠ±è´¹N.NNå…ƒã?";
129: 
130: 			orderInfo = orderInfo
131: 						+ "&payPointNum=" + payPointNum;
132: 						+ "&orderDesc=" + orderDesc;
133: 		}
134: 	


An error occurred at line: 132 in the jsp file: /order.jsp
The operator + is undefined for the argument type(s) String
129: 
130: 			orderInfo = orderInfo
131: 						+ "&payPointNum=" + payPointNum;
132: 						+ "&orderDesc=" + orderDesc;
133: 		}
134: 	
135: 			System.out.println("è®¢å•æ•°æ®ï¼? + orderInfo);										


Stacktrace:
	at org.apache.jasper.compiler.DefaultErrorHandler.javacError(DefaultErrorHandler.java:92)
	at org.apache.jasper.compiler.ErrorDispatcher.javacError(ErrorDispatcher.java:330)
	at org.apache.jasper.compiler.JDTCompiler.generateClass(JDTCompiler.java:439)
	at org.apache.jasper.compiler.Compiler.compile(Compiler.java:349)
	at org.apache.jasper.compiler.Compiler.compile(Compiler.java:327)
	at org.apache.jasper.compiler.Compiler.compile(Compiler.java:314)
	at org.apache.jasper.JspCompilationContext.compile(JspCompilationContext.java:592)
	at org.apache.jasper.servlet.JspServletWrapper.service(JspServletWrapper.java:326)
	at org.apache.jasper.servlet.JspServlet.serviceJspFile(JspServlet.java:313)
	at org.apache.jasper.servlet.JspServlet.service(JspServlet.java:260)
	at javax.servlet.http.HttpServlet.service(HttpServlet.java:717)
	at org.apache.catalina.core.ApplicationFilterChain.internalDoFilter(ApplicationFilterChain.java:290)
	at org.apache.catalina.core.ApplicationFilterChain.doFilter(ApplicationFilterChain.java:206)
	at org.apache.catalina.core.StandardWrapperValve.invoke(StandardWrapperValve.java:233)
	at org.apache.catalina.core.StandardContextValve.invoke(StandardContextValve.java:191)
	at org.apache.catalina.core.StandardHostValve.invoke(StandardHostValve.java:127)
	at org.apache.catalina.valves.ErrorReportValve.invoke(ErrorReportValve.java:102)
	at org.apache.catalina.core.StandardEngineValve.invoke(StandardEngineValve.java:109)
	at org.apache.catalina.connector.CoyoteAdapter.service(CoyoteAdapter.java:298)
	at org.apache.coyote.http11.Http11Processor.process(Http11Processor.java:859)
	at org.apache.coyote.http11.Http11Protocol$Http11ConnectionHandler.process(Http11Protocol.java:588)
	at org.apache.tomcat.util.net.JIoEndpoint$Worker.run(JIoEndpoint.java:489)
	at java.lang.Thread.run(Thread.java:619)
2013-12-10 19:01:50 org.apache.catalina.core.StandardWrapperValve invoke
ÑÏÖØ: Servlet.service() for servlet jsp threw exception
org.apache.jasper.JasperException: Unable to compile class for JSP: 

An error occurred at line: 130 in the jsp file: /order.jsp
Syntax error on token ";", assert expected after this token
127: 			//çŸ­ä¿¡æ”¯ä»˜æè¿°ï¼ŒorderDescé‡Œå¿…é¡»æŠŠä»·æ ¼å†™æˆN.NN ä¸éœ€è¦å†™æˆæ•°å­—ã?åœ¨æ˜¾ç¤ºæ—¶ä¼šè‡ªåŠ¨è¢«priceæ›¿æ¢æ?
128: 			String orderDesc = "æµç•…çš„æ“ä½œä½“éªŒï¼ŒåŠ²çˆ†çš„è¶…æ§æ?èƒ½ï¼Œæ— ä¸ä¼¦æ¯”çš„è¶…çº§å¿…æ?¼ŒåŒ–èº«æ–©å¦–é™¤é­”çš„è‹±é›„ï¼Œå¼?¯ä½ ä¸å¹³å‡¡çš„æ¸¸æˆäººç”Ÿï¼ï¼éœ€èŠ±è´¹N.NNå…ƒã?";
129: 			orderInfo = orderInfo
130: 						+ "&payPointNum=" + payPointNum;
131: 						+ "&orderDesc=" + orderDesc;
132: 		}
133: 	


An error occurred at line: 131 in the jsp file: /order.jsp
The operator + is undefined for the argument type(s) String
128: 			String orderDesc = "æµç•…çš„æ“ä½œä½“éªŒï¼ŒåŠ²çˆ†çš„è¶…æ§æ?èƒ½ï¼Œæ— ä¸ä¼¦æ¯”çš„è¶…çº§å¿…æ?¼ŒåŒ–èº«æ–©å¦–é™¤é­”çš„è‹±é›„ï¼Œå¼?¯ä½ ä¸å¹³å‡¡çš„æ¸¸æˆäººç”Ÿï¼ï¼éœ€èŠ±è´¹N.NNå…ƒã?";
129: 			orderInfo = orderInfo
130: 						+ "&payPointNum=" + payPointNum;
131: 						+ "&orderDesc=" + orderDesc;
132: 		}
133: 	
134: 			System.out.println("è®¢å•æ•°æ®ï¼? + orderInfo);										


Stacktrace:
	at org.apache.jasper.compiler.DefaultErrorHandler.javacError(DefaultErrorHandler.java:92)
	at org.apache.jasper.compiler.ErrorDispatcher.javacError(ErrorDispatcher.java:330)
	at org.apache.jasper.compiler.JDTCompiler.generateClass(JDTCompiler.java:439)
	at org.apache.jasper.compiler.Compiler.compile(Compiler.java:349)
	at org.apache.jasper.compiler.Compiler.compile(Compiler.java:327)
	at org.apache.jasper.compiler.Compiler.compile(Compiler.java:314)
	at org.apache.jasper.JspCompilationContext.compile(JspCompilationContext.java:592)
	at org.apache.jasper.servlet.JspServletWrapper.service(JspServletWrapper.java:326)
	at org.apache.jasper.servlet.JspServlet.serviceJspFile(JspServlet.java:313)
	at org.apache.jasper.servlet.JspServlet.service(JspServlet.java:260)
	at javax.servlet.http.HttpServlet.service(HttpServlet.java:717)
	at org.apache.catalina.core.ApplicationFilterChain.internalDoFilter(ApplicationFilterChain.java:290)
	at org.apache.catalina.core.ApplicationFilterChain.doFilter(ApplicationFilterChain.java:206)
	at org.apache.catalina.core.StandardWrapperValve.invoke(StandardWrapperValve.java:233)
	at org.apache.catalina.core.StandardContextValve.invoke(StandardContextValve.java:191)
	at org.apache.catalina.core.StandardHostValve.invoke(StandardHostValve.java:127)
	at org.apache.catalina.valves.ErrorReportValve.invoke(ErrorReportValve.java:102)
	at org.apache.catalina.core.StandardEngineValve.invoke(StandardEngineValve.java:109)
	at org.apache.catalina.connector.CoyoteAdapter.service(CoyoteAdapter.java:298)
	at org.apache.coyote.http11.Http11Processor.process(Http11Processor.java:859)
	at org.apache.coyote.http11.Http11Protocol$Http11ConnectionHandler.process(Http11Protocol.java:588)
	at org.apache.tomcat.util.net.JIoEndpoint$Worker.run(JIoEndpoint.java:489)
	at java.lang.Thread.run(Thread.java:619)
