2013-11-26 16:38:11 org.apache.catalina.core.AprLifecycleListener init
信息: The APR based Apache Tomcat Native library which allows optimal performance in production environments was not found on the java.library.path: C:\Program Files\Java\jdk1.6.0_16\bin;.;C:\WINDOWS\Sun\Java\bin;C:\WINDOWS\system32;C:\WINDOWS;C:\oracle\ora90\bin;f:\Program Files\ARM\ADSv1_2\bin;C:\WINDOWS\system32;C:\WINDOWS;C:\WINDOWS\System32\Wbem;C:\Program Files\Microsoft SQL Server\90\Tools\binn\;F:\Program Files\TortoiseSVN\bin;f:\Program Files\SecureCRT\;C:\WINDOWS\system32\WindowsPowerShell\v1.0;F:\Program Files\Rational\common;F:\Program Files\Microsoft Visual Studio\Common\Tools\WinNT;F:\Program Files\Microsoft Visual Studio\Common\MSDev98\Bin;F:\Program Files\Microsoft Visual Studio\Common\Tools;F:\Program Files\Microsoft Visual Studio\VC98\bin;F:\Program Files\SSH Communications Security\SSH Secure Shell;E:\android\android-sdk-windows\platform-tools;E:\android\android-sdk-windows\tools;F:\Program Files\apache-ant\bin;C:\Program Files\Java\jdk1.6.0_16\;C:\Program Files\Java\jdk1.6.0_16\bin;F:\SocketeQ\windowsandroid_root\system\bin;F:\SocketeQ\windowsandroid_root\system\lib
2013-11-26 16:38:13 org.apache.coyote.http11.Http11Protocol init
信息: Initializing Coyote HTTP/1.1 on http-8080
2013-11-26 16:38:13 org.apache.catalina.startup.Catalina load
信息: Initialization processed in 2445 ms
2013-11-26 16:38:13 org.apache.catalina.core.StandardService start
信息: Starting service Catalina
2013-11-26 16:38:13 org.apache.catalina.core.StandardEngine start
信息: Starting Servlet Engine: Apache Tomcat/6.0.32
2013-11-26 16:38:13 org.apache.catalina.startup.HostConfig deployDescriptor
信息: Deploying configuration descriptor host-manager.xml
2013-11-26 16:38:13 org.apache.catalina.startup.HostConfig deployDescriptor
信息: Deploying configuration descriptor manager.xml
2013-11-26 16:38:13 org.apache.catalina.startup.HostConfig deployDirectory
信息: Deploying web application directory docs
2013-11-26 16:38:13 org.apache.catalina.startup.HostConfig deployDirectory
信息: Deploying web application directory payServerDemo
2013-11-26 16:38:14 org.apache.catalina.startup.HostConfig deployDirectory
信息: Deploying web application directory ROOT
2013-11-26 16:38:14 org.apache.coyote.http11.Http11Protocol start
信息: Starting Coyote HTTP/1.1 on http-8080
2013-11-26 16:38:14 org.apache.jk.common.ChannelSocket init
信息: JK: ajp13 listening on /0.0.0.0:8009
2013-11-26 16:38:14 org.apache.jk.server.JkMain start
信息: Jk running ID=0 time=0/78  config=null
2013-11-26 16:38:14 org.apache.catalina.startup.Catalina start
信息: Server startup in 1033 ms
2013-11-26 16:49:15 org.apache.coyote.http11.Http11Protocol pause
信息: Pausing Coyote HTTP/1.1 on http-8080
2013-11-26 16:52:19 org.apache.catalina.core.AprLifecycleListener init
信息: The APR based Apache Tomcat Native library which allows optimal performance in production environments was not found on the java.library.path: C:\Program Files\Java\jdk1.6.0_16\bin;.;C:\WINDOWS\Sun\Java\bin;C:\WINDOWS\system32;C:\WINDOWS;C:\oracle\ora90\bin;f:\Program Files\ARM\ADSv1_2\bin;C:\WINDOWS\system32;C:\WINDOWS;C:\WINDOWS\System32\Wbem;C:\Program Files\Microsoft SQL Server\90\Tools\binn\;F:\Program Files\TortoiseSVN\bin;f:\Program Files\SecureCRT\;C:\WINDOWS\system32\WindowsPowerShell\v1.0;F:\Program Files\Rational\common;F:\Program Files\Microsoft Visual Studio\Common\Tools\WinNT;F:\Program Files\Microsoft Visual Studio\Common\MSDev98\Bin;F:\Program Files\Microsoft Visual Studio\Common\Tools;F:\Program Files\Microsoft Visual Studio\VC98\bin;F:\Program Files\SSH Communications Security\SSH Secure Shell;E:\android\android-sdk-windows\platform-tools;E:\android\android-sdk-windows\tools;F:\Program Files\apache-ant\bin;C:\Program Files\Java\jdk1.6.0_16\;C:\Program Files\Java\jdk1.6.0_16\bin;F:\SocketeQ\windowsandroid_root\system\bin;F:\SocketeQ\windowsandroid_root\system\lib
2013-11-26 16:52:19 org.apache.coyote.http11.Http11Protocol init
信息: Initializing Coyote HTTP/1.1 on http-8080
2013-11-26 16:52:19 org.apache.catalina.startup.Catalina load
信息: Initialization processed in 438 ms
2013-11-26 16:52:19 org.apache.catalina.core.StandardService start
信息: Starting service Catalina
2013-11-26 16:52:19 org.apache.catalina.core.StandardEngine start
信息: Starting Servlet Engine: Apache Tomcat/6.0.32
2013-11-26 16:52:19 org.apache.catalina.startup.HostConfig deployDescriptor
信息: Deploying configuration descriptor host-manager.xml
2013-11-26 16:52:19 org.apache.catalina.startup.HostConfig deployDescriptor
信息: Deploying configuration descriptor manager.xml
2013-11-26 16:52:19 org.apache.catalina.startup.HostConfig deployDirectory
信息: Deploying web application directory docs
2013-11-26 16:52:19 org.apache.catalina.startup.HostConfig deployDirectory
信息: Deploying web application directory payServerDemo
2013-11-26 16:52:19 org.apache.catalina.startup.HostConfig deployDirectory
信息: Deploying web application directory ROOT
2013-11-26 16:52:19 org.apache.coyote.http11.Http11Protocol start
信息: Starting Coyote HTTP/1.1 on http-8080
2013-11-26 16:52:19 org.apache.jk.common.ChannelSocket init
信息: JK: ajp13 listening on /0.0.0.0:8009
2013-11-26 16:52:19 org.apache.jk.server.JkMain start
信息: Jk running ID=0 time=0/16  config=null
2013-11-26 16:52:19 org.apache.catalina.startup.Catalina start
信息: Server startup in 409 ms
2013-11-26 16:53:24 org.apache.catalina.core.AprLifecycleListener init
信息: The APR based Apache Tomcat Native library which allows optimal performance in production environments was not found on the java.library.path: C:\Program Files\Java\jdk1.6.0_16\bin;.;C:\WINDOWS\Sun\Java\bin;C:\WINDOWS\system32;C:\WINDOWS;C:\oracle\ora90\bin;f:\Program Files\ARM\ADSv1_2\bin;C:\WINDOWS\system32;C:\WINDOWS;C:\WINDOWS\System32\Wbem;C:\Program Files\Microsoft SQL Server\90\Tools\binn\;F:\Program Files\TortoiseSVN\bin;f:\Program Files\SecureCRT\;C:\WINDOWS\system32\WindowsPowerShell\v1.0;F:\Program Files\Rational\common;F:\Program Files\Microsoft Visual Studio\Common\Tools\WinNT;F:\Program Files\Microsoft Visual Studio\Common\MSDev98\Bin;F:\Program Files\Microsoft Visual Studio\Common\Tools;F:\Program Files\Microsoft Visual Studio\VC98\bin;F:\Program Files\SSH Communications Security\SSH Secure Shell;E:\android\android-sdk-windows\platform-tools;E:\android\android-sdk-windows\tools;F:\Program Files\apache-ant\bin;C:\Program Files\Java\jdk1.6.0_16\;C:\Program Files\Java\jdk1.6.0_16\bin;F:\SocketeQ\windowsandroid_root\system\bin;F:\SocketeQ\windowsandroid_root\system\lib
2013-11-26 16:53:24 org.apache.coyote.http11.Http11Protocol init
严重: Error initializing endpoint
java.net.BindException: Address already in use: JVM_Bind <null>:8080
	at org.apache.tomcat.util.net.JIoEndpoint.init(JIoEndpoint.java:549)
	at org.apache.coyote.http11.Http11Protocol.init(Http11Protocol.java:176)
	at org.apache.catalina.connector.Connector.initialize(Connector.java:1022)
	at org.apache.catalina.core.StandardService.initialize(StandardService.java:703)
	at org.apache.catalina.core.StandardServer.initialize(StandardServer.java:838)
	at org.apache.catalina.startup.Catalina.load(Catalina.java:538)
	at org.apache.catalina.startup.Catalina.load(Catalina.java:562)
	at sun.reflect.NativeMethodAccessorImpl.invoke0(Native Method)
	at sun.reflect.NativeMethodAccessorImpl.invoke(NativeMethodAccessorImpl.java:39)
	at sun.reflect.DelegatingMethodAccessorImpl.invoke(DelegatingMethodAccessorImpl.java:25)
	at java.lang.reflect.Method.invoke(Method.java:597)
	at org.apache.catalina.startup.Bootstrap.load(Bootstrap.java:261)
	at org.apache.catalina.startup.Bootstrap.main(Bootstrap.java:413)
Caused by: java.net.BindException: Address already in use: JVM_Bind
	at java.net.PlainSocketImpl.socketBind(Native Method)
	at java.net.PlainSocketImpl.bind(PlainSocketImpl.java:365)
	at java.net.ServerSocket.bind(ServerSocket.java:319)
	at java.net.ServerSocket.<init>(ServerSocket.java:185)
	at java.net.ServerSocket.<init>(ServerSocket.java:141)
	at org.apache.tomcat.util.net.DefaultServerSocketFactory.createSocket(DefaultServerSocketFactory.java:50)
	at org.apache.tomcat.util.net.JIoEndpoint.init(JIoEndpoint.java:538)
	... 12 more
2013-11-26 16:53:24 org.apache.catalina.core.StandardService initialize
严重: Failed to initialize connector [Connector[HTTP/1.1-8080]]
LifecycleException:  Protocol handler initialization failed: java.net.BindException: Address already in use: JVM_Bind <null>:8080
	at org.apache.catalina.connector.Connector.initialize(Connector.java:1024)
	at org.apache.catalina.core.StandardService.initialize(StandardService.java:703)
	at org.apache.catalina.core.StandardServer.initialize(StandardServer.java:838)
	at org.apache.catalina.startup.Catalina.load(Catalina.java:538)
	at org.apache.catalina.startup.Catalina.load(Catalina.java:562)
	at sun.reflect.NativeMethodAccessorImpl.invoke0(Native Method)
	at sun.reflect.NativeMethodAccessorImpl.invoke(NativeMethodAccessorImpl.java:39)
	at sun.reflect.DelegatingMethodAccessorImpl.invoke(DelegatingMethodAccessorImpl.java:25)
	at java.lang.reflect.Method.invoke(Method.java:597)
	at org.apache.catalina.startup.Bootstrap.load(Bootstrap.java:261)
	at org.apache.catalina.startup.Bootstrap.main(Bootstrap.java:413)
2013-11-26 16:53:24 org.apache.catalina.startup.Catalina load
信息: Initialization processed in 416 ms
2013-11-26 16:53:24 org.apache.catalina.core.StandardService start
信息: Starting service Catalina
2013-11-26 16:53:24 org.apache.catalina.core.StandardEngine start
信息: Starting Servlet Engine: Apache Tomcat/6.0.32
2013-11-26 16:53:24 org.apache.catalina.startup.HostConfig deployDescriptor
信息: Deploying configuration descriptor host-manager.xml
2013-11-26 16:53:24 org.apache.catalina.startup.HostConfig deployDescriptor
信息: Deploying configuration descriptor manager.xml
2013-11-26 16:53:24 org.apache.catalina.startup.HostConfig deployDirectory
信息: Deploying web application directory docs
2013-11-26 16:53:24 org.apache.catalina.startup.HostConfig deployDirectory
信息: Deploying web application directory payServerDemo
2013-11-26 16:53:24 org.apache.catalina.startup.HostConfig deployDirectory
信息: Deploying web application directory ROOT
2013-11-26 16:53:24 org.apache.coyote.http11.Http11Protocol start
严重: Error starting endpoint
java.net.BindException: Address already in use: JVM_Bind <null>:8080
	at org.apache.tomcat.util.net.JIoEndpoint.init(JIoEndpoint.java:549)
	at org.apache.tomcat.util.net.JIoEndpoint.start(JIoEndpoint.java:565)
	at org.apache.coyote.http11.Http11Protocol.start(Http11Protocol.java:203)
	at org.apache.catalina.connector.Connector.start(Connector.java:1095)
	at org.apache.catalina.core.StandardService.start(StandardService.java:540)
	at org.apache.catalina.core.StandardServer.start(StandardServer.java:754)
	at org.apache.catalina.startup.Catalina.start(Catalina.java:595)
	at sun.reflect.NativeMethodAccessorImpl.invoke0(Native Method)
	at sun.reflect.NativeMethodAccessorImpl.invoke(NativeMethodAccessorImpl.java:39)
	at sun.reflect.DelegatingMethodAccessorImpl.invoke(DelegatingMethodAccessorImpl.java:25)
	at java.lang.reflect.Method.invoke(Method.java:597)
	at org.apache.catalina.startup.Bootstrap.start(Bootstrap.java:289)
	at org.apache.catalina.startup.Bootstrap.main(Bootstrap.java:414)
Caused by: java.net.BindException: Address already in use: JVM_Bind
	at java.net.PlainSocketImpl.socketBind(Native Method)
	at java.net.PlainSocketImpl.bind(PlainSocketImpl.java:365)
	at java.net.ServerSocket.bind(ServerSocket.java:319)
	at java.net.ServerSocket.<init>(ServerSocket.java:185)
	at java.net.ServerSocket.<init>(ServerSocket.java:141)
	at org.apache.tomcat.util.net.DefaultServerSocketFactory.createSocket(DefaultServerSocketFactory.java:50)
	at org.apache.tomcat.util.net.JIoEndpoint.init(JIoEndpoint.java:538)
	... 12 more
2013-11-26 16:53:24 org.apache.catalina.core.StandardService start
严重: Failed to start connector [Connector[HTTP/1.1-8080]]
LifecycleException:  service.getName(): "Catalina";  Protocol handler start failed: java.net.BindException: Address already in use: JVM_Bind <null>:8080
	at org.apache.catalina.connector.Connector.start(Connector.java:1102)
	at org.apache.catalina.core.StandardService.start(StandardService.java:540)
	at org.apache.catalina.core.StandardServer.start(StandardServer.java:754)
	at org.apache.catalina.startup.Catalina.start(Catalina.java:595)
	at sun.reflect.NativeMethodAccessorImpl.invoke0(Native Method)
	at sun.reflect.NativeMethodAccessorImpl.invoke(NativeMethodAccessorImpl.java:39)
	at sun.reflect.DelegatingMethodAccessorImpl.invoke(DelegatingMethodAccessorImpl.java:25)
	at java.lang.reflect.Method.invoke(Method.java:597)
	at org.apache.catalina.startup.Bootstrap.start(Bootstrap.java:289)
	at org.apache.catalina.startup.Bootstrap.main(Bootstrap.java:414)
2013-11-26 16:53:24 org.apache.jk.common.ChannelSocket init
信息: Port busy 8009 java.net.BindException: Address already in use: JVM_Bind
2013-11-26 16:53:24 org.apache.jk.common.ChannelSocket init
严重: Can't find free port 8009 8009
2013-11-26 16:53:24 org.apache.jk.server.JkMain start
信息: Jk running ID=0 time=0/16  config=null
2013-11-26 16:53:24 org.apache.catalina.startup.Catalina start
信息: Server startup in 370 ms
2013-11-26 16:53:25 org.apache.catalina.core.StandardServer await
严重: StandardServer.await: create[8005]: 
java.net.BindException: Address already in use: JVM_Bind
	at java.net.PlainSocketImpl.socketBind(Native Method)
	at java.net.PlainSocketImpl.bind(PlainSocketImpl.java:365)
	at java.net.ServerSocket.bind(ServerSocket.java:319)
	at java.net.ServerSocket.<init>(ServerSocket.java:185)
	at org.apache.catalina.core.StandardServer.await(StandardServer.java:406)
	at org.apache.catalina.startup.Catalina.await(Catalina.java:676)
	at org.apache.catalina.startup.Catalina.start(Catalina.java:628)
	at sun.reflect.NativeMethodAccessorImpl.invoke0(Native Method)
	at sun.reflect.NativeMethodAccessorImpl.invoke(NativeMethodAccessorImpl.java:39)
	at sun.reflect.DelegatingMethodAccessorImpl.invoke(DelegatingMethodAccessorImpl.java:25)
	at java.lang.reflect.Method.invoke(Method.java:597)
	at org.apache.catalina.startup.Bootstrap.start(Bootstrap.java:289)
	at org.apache.catalina.startup.Bootstrap.main(Bootstrap.java:414)
2013-11-26 16:53:25 org.apache.coyote.http11.Http11Protocol pause
信息: Pausing Coyote HTTP/1.1 on http-8080
2013-11-26 16:53:26 org.apache.catalina.core.StandardService stop
信息: Stopping service Catalina
2013-11-26 16:53:26 org.apache.coyote.http11.Http11Protocol destroy
信息: Stopping Coyote HTTP/1.1 on http-8080
2013-11-26 16:53:29 org.apache.coyote.http11.Http11Protocol pause
信息: Pausing Coyote HTTP/1.1 on http-8080
2013-11-26 16:53:32 org.apache.catalina.core.AprLifecycleListener init
信息: The APR based Apache Tomcat Native library which allows optimal performance in production environments was not found on the java.library.path: C:\Program Files\Java\jdk1.6.0_16\bin;.;C:\WINDOWS\Sun\Java\bin;C:\WINDOWS\system32;C:\WINDOWS;C:\oracle\ora90\bin;f:\Program Files\ARM\ADSv1_2\bin;C:\WINDOWS\system32;C:\WINDOWS;C:\WINDOWS\System32\Wbem;C:\Program Files\Microsoft SQL Server\90\Tools\binn\;F:\Program Files\TortoiseSVN\bin;f:\Program Files\SecureCRT\;C:\WINDOWS\system32\WindowsPowerShell\v1.0;F:\Program Files\Rational\common;F:\Program Files\Microsoft Visual Studio\Common\Tools\WinNT;F:\Program Files\Microsoft Visual Studio\Common\MSDev98\Bin;F:\Program Files\Microsoft Visual Studio\Common\Tools;F:\Program Files\Microsoft Visual Studio\VC98\bin;F:\Program Files\SSH Communications Security\SSH Secure Shell;E:\android\android-sdk-windows\platform-tools;E:\android\android-sdk-windows\tools;F:\Program Files\apache-ant\bin;C:\Program Files\Java\jdk1.6.0_16\;C:\Program Files\Java\jdk1.6.0_16\bin;F:\SocketeQ\windowsandroid_root\system\bin;F:\SocketeQ\windowsandroid_root\system\lib
2013-11-26 16:53:32 org.apache.coyote.http11.Http11Protocol init
信息: Initializing Coyote HTTP/1.1 on http-8080
2013-11-26 16:53:32 org.apache.catalina.startup.Catalina load
信息: Initialization processed in 441 ms
2013-11-26 16:53:32 org.apache.catalina.core.StandardService start
信息: Starting service Catalina
2013-11-26 16:53:32 org.apache.catalina.core.StandardEngine start
信息: Starting Servlet Engine: Apache Tomcat/6.0.32
2013-11-26 16:53:32 org.apache.catalina.startup.HostConfig deployDescriptor
信息: Deploying configuration descriptor host-manager.xml
2013-11-26 16:53:32 org.apache.catalina.startup.HostConfig deployDescriptor
信息: Deploying configuration descriptor manager.xml
2013-11-26 16:53:32 org.apache.catalina.startup.HostConfig deployDirectory
信息: Deploying web application directory docs
2013-11-26 16:53:32 org.apache.catalina.startup.HostConfig deployDirectory
信息: Deploying web application directory payServerDemo
2013-11-26 16:53:32 org.apache.catalina.startup.HostConfig deployDirectory
信息: Deploying web application directory ROOT
2013-11-26 16:53:32 org.apache.coyote.http11.Http11Protocol start
信息: Starting Coyote HTTP/1.1 on http-8080
2013-11-26 16:53:32 org.apache.jk.common.ChannelSocket init
信息: JK: ajp13 listening on /0.0.0.0:8009
2013-11-26 16:53:32 org.apache.jk.server.JkMain start
信息: Jk running ID=0 time=0/16  config=null
2013-11-26 16:53:32 org.apache.catalina.startup.Catalina start
信息: Server startup in 403 ms
2013-11-26 16:53:59 org.apache.coyote.http11.Http11Protocol pause
信息: Pausing Coyote HTTP/1.1 on http-8080
